The target system is: Linux -  - aarch64
The host system is: Linux - 6.5.0-41-generic - x86_64
Compiling the C compiler identification source file "CMakeCCompilerId.c" succeeded.
Compiler: /home/hikerlee02/workspace/armcompilerchains/gcc-linaro-7.5.0-2019.12-x86_64_aarch64-linux-gnu/bin/aarch64-linux-gnu-gcc 
Build flags: 
Id flags:  

The output was:
0


Compilation of the C compiler identification source "CMakeCCompilerId.c" produced "a.out"

The C compiler identification is GNU, found in "/home/hikerlee02/workspace/vsomeip-test/gitworks/vsomeip_performance_test/armbuild/CMakeFiles/3.22.1/CompilerIdC/a.out"

Compiling the CXX compiler identification source file "CMakeCXXCompilerId.cpp" succeeded.
Compiler: /home/hikerlee02/workspace/armcompilerchains/gcc-linaro-7.5.0-2019.12-x86_64_aarch64-linux-gnu/bin/aarch64-linux-gnu-g++ 
Build flags: ;-Wall;-pthread;-ldl;-Wall;-pthread;-ldl
Id flags:  

The output was:
0


Compilation of the CXX compiler identification source "CMakeCXXCompilerId.cpp" produced "a.out"

The CXX compiler identification is GNU, found in "/home/hikerlee02/workspace/vsomeip-test/gitworks/vsomeip_performance_test/armbuild/CMakeFiles/3.22.1/CompilerIdCXX/a.out"

Detecting C compiler ABI info compiled with the following output:
Change Dir: /home/hikerlee02/workspace/vsomeip-test/gitworks/vsomeip_performance_test/armbuild/CMakeFiles/CMakeTmp

Run Build Command(s):/usr/bin/gmake -f Makefile cmTC_d0ac1/fast && /usr/bin/gmake  -f CMakeFiles/cmTC_d0ac1.dir/build.make CMakeFiles/cmTC_d0ac1.dir/build
gmake[1]: Entering directory '/home/hikerlee02/workspace/vsomeip-test/gitworks/vsomeip_performance_test/armbuild/CMakeFiles/CMakeTmp'
Building C object CMakeFiles/cmTC_d0ac1.dir/CMakeCCompilerABI.c.o
/home/hikerlee02/workspace/armcompilerchains/gcc-linaro-7.5.0-2019.12-x86_64_aarch64-linux-gnu/bin/aarch64-linux-gnu-gcc   -v -o CMakeFiles/cmTC_d0ac1.dir/CMakeCCompilerABI.c.o -c /usr/share/cmake-3.22/Modules/CMakeCCompilerABI.c
Using built-in specs.
COLLECT_GCC=/home/hikerlee02/workspace/armcompilerchains/gcc-linaro-7.5.0-2019.12-x86_64_aarch64-linux-gnu/bin/aarch64-linux-gnu-gcc
Target: aarch64-linux-gnu
Configured with: '/home/tcwg-buildslave/workspace/tcwg-make-release_0/snapshots/gcc.git~linaro-7.5-2019.12/configure' SHELL=/bin/bash --with-mpc=/home/tcwg-buildslave/workspace/tcwg-make-release_0/_build/builds/destdir/x86_64-unknown-linux-gnu --with-mpfr=/home/tcwg-buildslave/workspace/tcwg-make-release_0/_build/builds/destdir/x86_64-unknown-linux-gnu --with-gmp=/home/tcwg-buildslave/workspace/tcwg-make-release_0/_build/builds/destdir/x86_64-unknown-linux-gnu --with-gnu-as --with-gnu-ld --disable-libmudflap --enable-lto --enable-shared --without-included-gettext --enable-nls --with-system-zlib --disable-sjlj-exceptions --enable-gnu-unique-object --enable-linker-build-id --disable-libstdcxx-pch --enable-c99 --enable-clocale=gnu --enable-libstdcxx-debug --enable-long-long --with-cloog=no --with-ppl=no --with-isl=no --disable-multilib --enable-fix-cortex-a53-835769 --enable-fix-cortex-a53-843419 --with-arch=armv8-a --enable-threads=posix --enable-multiarch --enable-libstdcxx-time=yes --enable-gnu-indirect-function --with-build-sysroot=/home/tcwg-buildslave/workspace/tcwg-make-release_0/_build/sysroots/aarch64-linux-gnu --with-sysroot=/home/tcwg-buildslave/workspace/tcwg-make-release_0/_build/builds/destdir/x86_64-unknown-linux-gnu/aarch64-linux-gnu/libc --enable-checking=release --disable-bootstrap --enable-languages=c,c++,fortran,lto --build=x86_64-unknown-linux-gnu --host=x86_64-unknown-linux-gnu --target=aarch64-linux-gnu --prefix=/home/tcwg-buildslave/workspace/tcwg-make-release_0/_build/builds/destdir/x86_64-unknown-linux-gnu
Thread model: posix
gcc version 7.5.0 (Linaro GCC 7.5-2019.12) 
COLLECT_GCC_OPTIONS='-v' '-o' 'CMakeFiles/cmTC_d0ac1.dir/CMakeCCompilerABI.c.o' '-c' '-march=armv8-a' '-mlittle-endian' '-mabi=lp64'
 /home/hikerlee02/workspace/armcompilerchains/gcc-linaro-7.5.0-2019.12-x86_64_aarch64-linux-gnu/bin/../libexec/gcc/aarch64-linux-gnu/7.5.0/cc1 -quiet -v -imultiarch aarch64-linux-gnu -iprefix /home/hikerlee02/workspace/armcompilerchains/gcc-linaro-7.5.0-2019.12-x86_64_aarch64-linux-gnu/bin/../lib/gcc/aarch64-linux-gnu/7.5.0/ -isysroot /home/hikerlee02/workspace/armcompilerchains/gcc-linaro-7.5.0-2019.12-x86_64_aarch64-linux-gnu/bin/../aarch64-linux-gnu/libc /usr/share/cmake-3.22/Modules/CMakeCCompilerABI.c -quiet -dumpbase CMakeCCompilerABI.c -march=armv8-a -mlittle-endian -mabi=lp64 -auxbase-strip CMakeFiles/cmTC_d0ac1.dir/CMakeCCompilerABI.c.o -version -o /tmp/cc0Jct5U.s
GNU C11 (Linaro GCC 7.5-2019.12) version 7.5.0 (aarch64-linux-gnu)
	compiled by GNU C version 4.8.4, GMP version 6.1.2, MPFR version 3.1.5, MPC version 1.0.3, isl version none
GGC heuristics: --param ggc-min-expand=100 --param ggc-min-heapsize=131072
ignoring duplicate directory "/home/hikerlee02/workspace/armcompilerchains/gcc-linaro-7.5.0-2019.12-x86_64_aarch64-linux-gnu/bin/../lib/gcc/../../lib/gcc/aarch64-linux-gnu/7.5.0/include"
ignoring nonexistent directory "/home/hikerlee02/workspace/armcompilerchains/gcc-linaro-7.5.0-2019.12-x86_64_aarch64-linux-gnu/bin/../aarch64-linux-gnu/libc/usr/local/include/aarch64-linux-gnu"
ignoring nonexistent directory "/home/hikerlee02/workspace/armcompilerchains/gcc-linaro-7.5.0-2019.12-x86_64_aarch64-linux-gnu/bin/../aarch64-linux-gnu/libc/usr/local/include"
ignoring duplicate directory "/home/hikerlee02/workspace/armcompilerchains/gcc-linaro-7.5.0-2019.12-x86_64_aarch64-linux-gnu/bin/../lib/gcc/../../lib/gcc/aarch64-linux-gnu/7.5.0/include-fixed"
ignoring duplicate directory "/home/hikerlee02/workspace/armcompilerchains/gcc-linaro-7.5.0-2019.12-x86_64_aarch64-linux-gnu/bin/../lib/gcc/../../lib/gcc/aarch64-linux-gnu/7.5.0/../../../../aarch64-linux-gnu/include"
ignoring nonexistent directory "/home/hikerlee02/workspace/armcompilerchains/gcc-linaro-7.5.0-2019.12-x86_64_aarch64-linux-gnu/bin/../aarch64-linux-gnu/libc/usr/include/aarch64-linux-gnu"
#include "..." search starts here:
#include <...> search starts here:
 /home/hikerlee02/workspace/armcompilerchains/gcc-linaro-7.5.0-2019.12-x86_64_aarch64-linux-gnu/bin/../lib/gcc/aarch64-linux-gnu/7.5.0/include
 /home/hikerlee02/workspace/armcompilerchains/gcc-linaro-7.5.0-2019.12-x86_64_aarch64-linux-gnu/bin/../lib/gcc/aarch64-linux-gnu/7.5.0/include-fixed
 /home/hikerlee02/workspace/armcompilerchains/gcc-linaro-7.5.0-2019.12-x86_64_aarch64-linux-gnu/bin/../lib/gcc/aarch64-linux-gnu/7.5.0/../../../../aarch64-linux-gnu/include
 /home/hikerlee02/workspace/armcompilerchains/gcc-linaro-7.5.0-2019.12-x86_64_aarch64-linux-gnu/bin/../aarch64-linux-gnu/libc/usr/include
End of search list.
GNU C11 (Linaro GCC 7.5-2019.12) version 7.5.0 (aarch64-linux-gnu)
	compiled by GNU C version 4.8.4, GMP version 6.1.2, MPFR version 3.1.5, MPC version 1.0.3, isl version none
GGC heuristics: --param ggc-min-expand=100 --param ggc-min-heapsize=131072
Compiler executable checksum: 5d0f5ce72c62ffb599b2a09a116fcf39
COLLECT_GCC_OPTIONS='-v' '-o' 'CMakeFiles/cmTC_d0ac1.dir/CMakeCCompilerABI.c.o' '-c' '-march=armv8-a' '-mlittle-endian' '-mabi=lp64'
 /home/hikerlee02/workspace/armcompilerchains/gcc-linaro-7.5.0-2019.12-x86_64_aarch64-linux-gnu/bin/../lib/gcc/aarch64-linux-gnu/7.5.0/../../../../aarch64-linux-gnu/bin/as -v -EL -march=armv8-a -mabi=lp64 -o CMakeFiles/cmTC_d0ac1.dir/CMakeCCompilerABI.c.o /tmp/cc0Jct5U.s
GNU assembler version 2.28.2 (aarch64-linux-gnu) using BFD version (Linaro_Binutils-2019.12) 2.28.2.20170706
COMPILER_PATH=/home/hikerlee02/workspace/armcompilerchains/gcc-linaro-7.5.0-2019.12-x86_64_aarch64-linux-gnu/bin/../libexec/gcc/aarch64-linux-gnu/7.5.0/:/home/hikerlee02/workspace/armcompilerchains/gcc-linaro-7.5.0-2019.12-x86_64_aarch64-linux-gnu/bin/../libexec/gcc/aarch64-linux-gnu/:/home/hikerlee02/workspace/armcompilerchains/gcc-linaro-7.5.0-2019.12-x86_64_aarch64-linux-gnu/bin/../libexec/gcc/:/home/hikerlee02/workspace/armcompilerchains/gcc-linaro-7.5.0-2019.12-x86_64_aarch64-linux-gnu/bin/../lib/gcc/aarch64-linux-gnu/7.5.0/../../../../aarch64-linux-gnu/bin/
LIBRARY_PATH=/home/hikerlee02/workspace/armcompilerchains/gcc-linaro-7.5.0-2019.12-x86_64_aarch64-linux-gnu/bin/../lib/gcc/aarch64-linux-gnu/7.5.0/:/home/hikerlee02/workspace/armcompilerchains/gcc-linaro-7.5.0-2019.12-x86_64_aarch64-linux-gnu/bin/../lib/gcc/aarch64-linux-gnu/:/home/hikerlee02/workspace/armcompilerchains/gcc-linaro-7.5.0-2019.12-x86_64_aarch64-linux-gnu/bin/../lib/gcc/:/home/hikerlee02/workspace/armcompilerchains/gcc-linaro-7.5.0-2019.12-x86_64_aarch64-linux-gnu/bin/../lib/gcc/aarch64-linux-gnu/7.5.0/../../../../aarch64-linux-gnu/lib/../lib64/:/home/hikerlee02/workspace/armcompilerchains/gcc-linaro-7.5.0-2019.12-x86_64_aarch64-linux-gnu/bin/../lib/gcc/aarch64-linux-gnu/7.5.0/../../../../aarch64-linux-gnu/lib/:/home/hikerlee02/workspace/armcompilerchains/gcc-linaro-7.5.0-2019.12-x86_64_aarch64-linux-gnu/bin/../aarch64-linux-gnu/libc/lib/:/home/hikerlee02/workspace/armcompilerchains/gcc-linaro-7.5.0-2019.12-x86_64_aarch64-linux-gnu/bin/../aarch64-linux-gnu/libc/usr/lib/
COLLECT_GCC_OPTIONS='-v' '-o' 'CMakeFiles/cmTC_d0ac1.dir/CMakeCCompilerABI.c.o' '-c' '-march=armv8-a' '-mlittle-endian' '-mabi=lp64'
Linking C executable cmTC_d0ac1
/usr/bin/cmake -E cmake_link_script CMakeFiles/cmTC_d0ac1.dir/link.txt --verbose=1
/home/hikerlee02/workspace/armcompilerchains/gcc-linaro-7.5.0-2019.12-x86_64_aarch64-linux-gnu/bin/aarch64-linux-gnu-gcc  -v CMakeFiles/cmTC_d0ac1.dir/CMakeCCompilerABI.c.o -o cmTC_d0ac1 
Using built-in specs.
COLLECT_GCC=/home/hikerlee02/workspace/armcompilerchains/gcc-linaro-7.5.0-2019.12-x86_64_aarch64-linux-gnu/bin/aarch64-linux-gnu-gcc
COLLECT_LTO_WRAPPER=/home/hikerlee02/workspace/armcompilerchains/gcc-linaro-7.5.0-2019.12-x86_64_aarch64-linux-gnu/bin/../libexec/gcc/aarch64-linux-gnu/7.5.0/lto-wrapper
Target: aarch64-linux-gnu
Configured with: '/home/tcwg-buildslave/workspace/tcwg-make-release_0/snapshots/gcc.git~linaro-7.5-2019.12/configure' SHELL=/bin/bash --with-mpc=/home/tcwg-buildslave/workspace/tcwg-make-release_0/_build/builds/destdir/x86_64-unknown-linux-gnu --with-mpfr=/home/tcwg-buildslave/workspace/tcwg-make-release_0/_build/builds/destdir/x86_64-unknown-linux-gnu --with-gmp=/home/tcwg-buildslave/workspace/tcwg-make-release_0/_build/builds/destdir/x86_64-unknown-linux-gnu --with-gnu-as --with-gnu-ld --disable-libmudflap --enable-lto --enable-shared --without-included-gettext --enable-nls --with-system-zlib --disable-sjlj-exceptions --enable-gnu-unique-object --enable-linker-build-id --disable-libstdcxx-pch --enable-c99 --enable-clocale=gnu --enable-libstdcxx-debug --enable-long-long --with-cloog=no --with-ppl=no --with-isl=no --disable-multilib --enable-fix-cortex-a53-835769 --enable-fix-cortex-a53-843419 --with-arch=armv8-a --enable-threads=posix --enable-multiarch --enable-libstdcxx-time=yes --enable-gnu-indirect-function --with-build-sysroot=/home/tcwg-buildslave/workspace/tcwg-make-release_0/_build/sysroots/aarch64-linux-gnu --with-sysroot=/home/tcwg-buildslave/workspace/tcwg-make-release_0/_build/builds/destdir/x86_64-unknown-linux-gnu/aarch64-linux-gnu/libc --enable-checking=release --disable-bootstrap --enable-languages=c,c++,fortran,lto --build=x86_64-unknown-linux-gnu --host=x86_64-unknown-linux-gnu --target=aarch64-linux-gnu --prefix=/home/tcwg-buildslave/workspace/tcwg-make-release_0/_build/builds/destdir/x86_64-unknown-linux-gnu
Thread model: posix
gcc version 7.5.0 (Linaro GCC 7.5-2019.12) 
COMPILER_PATH=/home/hikerlee02/workspace/armcompilerchains/gcc-linaro-7.5.0-2019.12-x86_64_aarch64-linux-gnu/bin/../libexec/gcc/aarch64-linux-gnu/7.5.0/:/home/hikerlee02/workspace/armcompilerchains/gcc-linaro-7.5.0-2019.12-x86_64_aarch64-linux-gnu/bin/../libexec/gcc/aarch64-linux-gnu/:/home/hikerlee02/workspace/armcompilerchains/gcc-linaro-7.5.0-2019.12-x86_64_aarch64-linux-gnu/bin/../libexec/gcc/:/home/hikerlee02/workspace/armcompilerchains/gcc-linaro-7.5.0-2019.12-x86_64_aarch64-linux-gnu/bin/../lib/gcc/aarch64-linux-gnu/7.5.0/../../../../aarch64-linux-gnu/bin/
LIBRARY_PATH=/home/hikerlee02/workspace/armcompilerchains/gcc-linaro-7.5.0-2019.12-x86_64_aarch64-linux-gnu/bin/../lib/gcc/aarch64-linux-gnu/7.5.0/:/home/hikerlee02/workspace/armcompilerchains/gcc-linaro-7.5.0-2019.12-x86_64_aarch64-linux-gnu/bin/../lib/gcc/aarch64-linux-gnu/:/home/hikerlee02/workspace/armcompilerchains/gcc-linaro-7.5.0-2019.12-x86_64_aarch64-linux-gnu/bin/../lib/gcc/:/home/hikerlee02/workspace/armcompilerchains/gcc-linaro-7.5.0-2019.12-x86_64_aarch64-linux-gnu/bin/../lib/gcc/aarch64-linux-gnu/7.5.0/../../../../aarch64-linux-gnu/lib/../lib64/:/home/hikerlee02/workspace/armcompilerchains/gcc-linaro-7.5.0-2019.12-x86_64_aarch64-linux-gnu/bin/../lib/gcc/aarch64-linux-gnu/7.5.0/../../../../aarch64-linux-gnu/lib/:/home/hikerlee02/workspace/armcompilerchains/gcc-linaro-7.5.0-2019.12-x86_64_aarch64-linux-gnu/bin/../aarch64-linux-gnu/libc/lib/:/home/hikerlee02/workspace/armcompilerchains/gcc-linaro-7.5.0-2019.12-x86_64_aarch64-linux-gnu/bin/../aarch64-linux-gnu/libc/usr/lib/
COLLECT_GCC_OPTIONS='-v' '-o' 'cmTC_d0ac1' '-march=armv8-a' '-mlittle-endian' '-mabi=lp64'
 /home/hikerlee02/workspace/armcompilerchains/gcc-linaro-7.5.0-2019.12-x86_64_aarch64-linux-gnu/bin/../libexec/gcc/aarch64-linux-gnu/7.5.0/collect2 -plugin /home/hikerlee02/workspace/armcompilerchains/gcc-linaro-7.5.0-2019.12-x86_64_aarch64-linux-gnu/bin/../libexec/gcc/aarch64-linux-gnu/7.5.0/liblto_plugin.so -plugin-opt=/home/hikerlee02/workspace/armcompilerchains/gcc-linaro-7.5.0-2019.12-x86_64_aarch64-linux-gnu/bin/../libexec/gcc/aarch64-linux-gnu/7.5.0/lto-wrapper -plugin-opt=-fresolution=/tmp/ccI9Cg1T.res -plugin-opt=-pass-through=-lgcc -plugin-opt=-pass-through=-lgcc_s -plugin-opt=-pass-through=-lc -plugin-opt=-pass-through=-lgcc -plugin-opt=-pass-through=-lgcc_s --sysroot=/home/hikerlee02/workspace/armcompilerchains/gcc-linaro-7.5.0-2019.12-x86_64_aarch64-linux-gnu/bin/../aarch64-linux-gnu/libc --build-id --eh-frame-hdr -dynamic-linker /lib/ld-linux-aarch64.so.1 -X -EL -maarch64linux --fix-cortex-a53-835769 --fix-cortex-a53-843419 -o cmTC_d0ac1 /home/hikerlee02/workspace/armcompilerchains/gcc-linaro-7.5.0-2019.12-x86_64_aarch64-linux-gnu/bin/../aarch64-linux-gnu/libc/usr/lib/crt1.o /home/hikerlee02/workspace/armcompilerchains/gcc-linaro-7.5.0-2019.12-x86_64_aarch64-linux-gnu/bin/../aarch64-linux-gnu/libc/usr/lib/crti.o /home/hikerlee02/workspace/armcompilerchains/gcc-linaro-7.5.0-2019.12-x86_64_aarch64-linux-gnu/bin/../lib/gcc/aarch64-linux-gnu/7.5.0/crtbegin.o -L/home/hikerlee02/workspace/armcompilerchains/gcc-linaro-7.5.0-2019.12-x86_64_aarch64-linux-gnu/bin/../lib/gcc/aarch64-linux-gnu/7.5.0 -L/home/hikerlee02/workspace/armcompilerchains/gcc-linaro-7.5.0-2019.12-x86_64_aarch64-linux-gnu/bin/../lib/gcc/aarch64-linux-gnu -L/home/hikerlee02/workspace/armcompilerchains/gcc-linaro-7.5.0-2019.12-x86_64_aarch64-linux-gnu/bin/../lib/gcc -L/home/hikerlee02/workspace/armcompilerchains/gcc-linaro-7.5.0-2019.12-x86_64_aarch64-linux-gnu/bin/../lib/gcc/aarch64-linux-gnu/7.5.0/../../../../aarch64-linux-gnu/lib/../lib64 -L/home/hikerlee02/workspace/armcompilerchains/gcc-linaro-7.5.0-2019.12-x86_64_aarch64-linux-gnu/bin/../lib/gcc/aarch64-linux-gnu/7.5.0/../../../../aarch64-linux-gnu/lib -L/home/hikerlee02/workspace/armcompilerchains/gcc-linaro-7.5.0-2019.12-x86_64_aarch64-linux-gnu/bin/../aarch64-linux-gnu/libc/lib -L/home/hikerlee02/workspace/armcompilerchains/gcc-linaro-7.5.0-2019.12-x86_64_aarch64-linux-gnu/bin/../aarch64-linux-gnu/libc/usr/lib CMakeFiles/cmTC_d0ac1.dir/CMakeCCompilerABI.c.o -lgcc --as-needed -lgcc_s --no-as-needed -lc -lgcc --as-needed -lgcc_s --no-as-needed /home/hikerlee02/workspace/armcompilerchains/gcc-linaro-7.5.0-2019.12-x86_64_aarch64-linux-gnu/bin/../lib/gcc/aarch64-linux-gnu/7.5.0/crtend.o /home/hikerlee02/workspace/armcompilerchains/gcc-linaro-7.5.0-2019.12-x86_64_aarch64-linux-gnu/bin/../aarch64-linux-gnu/libc/usr/lib/crtn.o
COLLECT_GCC_OPTIONS='-v' '-o' 'cmTC_d0ac1' '-march=armv8-a' '-mlittle-endian' '-mabi=lp64'
gmake[1]: Leaving directory '/home/hikerlee02/workspace/vsomeip-test/gitworks/vsomeip_performance_test/armbuild/CMakeFiles/CMakeTmp'



Parsed C implicit include dir info from above output: rv=done
  found start of include info
  found start of implicit include info
    add: [/home/hikerlee02/workspace/armcompilerchains/gcc-linaro-7.5.0-2019.12-x86_64_aarch64-linux-gnu/bin/../lib/gcc/aarch64-linux-gnu/7.5.0/include]
    add: [/home/hikerlee02/workspace/armcompilerchains/gcc-linaro-7.5.0-2019.12-x86_64_aarch64-linux-gnu/bin/../lib/gcc/aarch64-linux-gnu/7.5.0/include-fixed]
    add: [/home/hikerlee02/workspace/armcompilerchains/gcc-linaro-7.5.0-2019.12-x86_64_aarch64-linux-gnu/bin/../lib/gcc/aarch64-linux-gnu/7.5.0/../../../../aarch64-linux-gnu/include]
    add: [/home/hikerlee02/workspace/armcompilerchains/gcc-linaro-7.5.0-2019.12-x86_64_aarch64-linux-gnu/bin/../aarch64-linux-gnu/libc/usr/include]
  end of search list found
  collapse include dir [/home/hikerlee02/workspace/armcompilerchains/gcc-linaro-7.5.0-2019.12-x86_64_aarch64-linux-gnu/bin/../lib/gcc/aarch64-linux-gnu/7.5.0/include] ==> [/home/hikerlee02/workspace/armcompilerchains/gcc-linaro-7.5.0-2019.12-x86_64_aarch64-linux-gnu/lib/gcc/aarch64-linux-gnu/7.5.0/include]
  collapse include dir [/home/hikerlee02/workspace/armcompilerchains/gcc-linaro-7.5.0-2019.12-x86_64_aarch64-linux-gnu/bin/../lib/gcc/aarch64-linux-gnu/7.5.0/include-fixed] ==> [/home/hikerlee02/workspace/armcompilerchains/gcc-linaro-7.5.0-2019.12-x86_64_aarch64-linux-gnu/lib/gcc/aarch64-linux-gnu/7.5.0/include-fixed]
  collapse include dir [/home/hikerlee02/workspace/armcompilerchains/gcc-linaro-7.5.0-2019.12-x86_64_aarch64-linux-gnu/bin/../lib/gcc/aarch64-linux-gnu/7.5.0/../../../../aarch64-linux-gnu/include] ==> [/home/hikerlee02/workspace/armcompilerchains/gcc-linaro-7.5.0-2019.12-x86_64_aarch64-linux-gnu/aarch64-linux-gnu/include]
  collapse include dir [/home/hikerlee02/workspace/armcompilerchains/gcc-linaro-7.5.0-2019.12-x86_64_aarch64-linux-gnu/bin/../aarch64-linux-gnu/libc/usr/include] ==> [/home/hikerlee02/workspace/armcompilerchains/gcc-linaro-7.5.0-2019.12-x86_64_aarch64-linux-gnu/aarch64-linux-gnu/libc/usr/include]
  implicit include dirs: [/home/hikerlee02/workspace/armcompilerchains/gcc-linaro-7.5.0-2019.12-x86_64_aarch64-linux-gnu/lib/gcc/aarch64-linux-gnu/7.5.0/include;/home/hikerlee02/workspace/armcompilerchains/gcc-linaro-7.5.0-2019.12-x86_64_aarch64-linux-gnu/lib/gcc/aarch64-linux-gnu/7.5.0/include-fixed;/home/hikerlee02/workspace/armcompilerchains/gcc-linaro-7.5.0-2019.12-x86_64_aarch64-linux-gnu/aarch64-linux-gnu/include;/home/hikerlee02/workspace/armcompilerchains/gcc-linaro-7.5.0-2019.12-x86_64_aarch64-linux-gnu/aarch64-linux-gnu/libc/usr/include]


Parsed C implicit link information from above output:
  link line regex: [^( *|.*[/\])(aarch64-linux-gnu-ld|CMAKE_LINK_STARTFILE-NOTFOUND|([^/\]+-)?ld|collect2)[^/\]*( |$)]
  ignore line: [Change Dir: /home/hikerlee02/workspace/vsomeip-test/gitworks/vsomeip_performance_test/armbuild/CMakeFiles/CMakeTmp]
  ignore line: []
  ignore line: [Run Build Command(s):/usr/bin/gmake -f Makefile cmTC_d0ac1/fast && /usr/bin/gmake  -f CMakeFiles/cmTC_d0ac1.dir/build.make CMakeFiles/cmTC_d0ac1.dir/build]
  ignore line: [gmake[1]: Entering directory '/home/hikerlee02/workspace/vsomeip-test/gitworks/vsomeip_performance_test/armbuild/CMakeFiles/CMakeTmp']
  ignore line: [Building C object CMakeFiles/cmTC_d0ac1.dir/CMakeCCompilerABI.c.o]
  ignore line: [/home/hikerlee02/workspace/armcompilerchains/gcc-linaro-7.5.0-2019.12-x86_64_aarch64-linux-gnu/bin/aarch64-linux-gnu-gcc   -v -o CMakeFiles/cmTC_d0ac1.dir/CMakeCCompilerABI.c.o -c /usr/share/cmake-3.22/Modules/CMakeCCompilerABI.c]
  ignore line: [Using built-in specs.]
  ignore line: [COLLECT_GCC=/home/hikerlee02/workspace/armcompilerchains/gcc-linaro-7.5.0-2019.12-x86_64_aarch64-linux-gnu/bin/aarch64-linux-gnu-gcc]
  ignore line: [Target: aarch64-linux-gnu]
  ignore line: [Configured with: '/home/tcwg-buildslave/workspace/tcwg-make-release_0/snapshots/gcc.git~linaro-7.5-2019.12/configure' SHELL=/bin/bash --with-mpc=/home/tcwg-buildslave/workspace/tcwg-make-release_0/_build/builds/destdir/x86_64-unknown-linux-gnu --with-mpfr=/home/tcwg-buildslave/workspace/tcwg-make-release_0/_build/builds/destdir/x86_64-unknown-linux-gnu --with-gmp=/home/tcwg-buildslave/workspace/tcwg-make-release_0/_build/builds/destdir/x86_64-unknown-linux-gnu --with-gnu-as --with-gnu-ld --disable-libmudflap --enable-lto --enable-shared --without-included-gettext --enable-nls --with-system-zlib --disable-sjlj-exceptions --enable-gnu-unique-object --enable-linker-build-id --disable-libstdcxx-pch --enable-c99 --enable-clocale=gnu --enable-libstdcxx-debug --enable-long-long --with-cloog=no --with-ppl=no --with-isl=no --disable-multilib --enable-fix-cortex-a53-835769 --enable-fix-cortex-a53-843419 --with-arch=armv8-a --enable-threads=posix --enable-multiarch --enable-libstdcxx-time=yes --enable-gnu-indirect-function --with-build-sysroot=/home/tcwg-buildslave/workspace/tcwg-make-release_0/_build/sysroots/aarch64-linux-gnu --with-sysroot=/home/tcwg-buildslave/workspace/tcwg-make-release_0/_build/builds/destdir/x86_64-unknown-linux-gnu/aarch64-linux-gnu/libc --enable-checking=release --disable-bootstrap --enable-languages=c,c++,fortran,lto --build=x86_64-unknown-linux-gnu --host=x86_64-unknown-linux-gnu --target=aarch64-linux-gnu --prefix=/home/tcwg-buildslave/workspace/tcwg-make-release_0/_build/builds/destdir/x86_64-unknown-linux-gnu]
  ignore line: [Thread model: posix]
  ignore line: [gcc version 7.5.0 (Linaro GCC 7.5-2019.12) ]
  ignore line: [COLLECT_GCC_OPTIONS='-v' '-o' 'CMakeFiles/cmTC_d0ac1.dir/CMakeCCompilerABI.c.o' '-c' '-march=armv8-a' '-mlittle-endian' '-mabi=lp64']
  ignore line: [ /home/hikerlee02/workspace/armcompilerchains/gcc-linaro-7.5.0-2019.12-x86_64_aarch64-linux-gnu/bin/../libexec/gcc/aarch64-linux-gnu/7.5.0/cc1 -quiet -v -imultiarch aarch64-linux-gnu -iprefix /home/hikerlee02/workspace/armcompilerchains/gcc-linaro-7.5.0-2019.12-x86_64_aarch64-linux-gnu/bin/../lib/gcc/aarch64-linux-gnu/7.5.0/ -isysroot /home/hikerlee02/workspace/armcompilerchains/gcc-linaro-7.5.0-2019.12-x86_64_aarch64-linux-gnu/bin/../aarch64-linux-gnu/libc /usr/share/cmake-3.22/Modules/CMakeCCompilerABI.c -quiet -dumpbase CMakeCCompilerABI.c -march=armv8-a -mlittle-endian -mabi=lp64 -auxbase-strip CMakeFiles/cmTC_d0ac1.dir/CMakeCCompilerABI.c.o -version -o /tmp/cc0Jct5U.s]
  ignore line: [GNU C11 (Linaro GCC 7.5-2019.12) version 7.5.0 (aarch64-linux-gnu)]
  ignore line: [	compiled by GNU C version 4.8.4  GMP version 6.1.2  MPFR version 3.1.5  MPC version 1.0.3  isl version none]
  ignore line: [GGC heuristics: --param ggc-min-expand=100 --param ggc-min-heapsize=131072]
  ignore line: [ignoring duplicate directory "/home/hikerlee02/workspace/armcompilerchains/gcc-linaro-7.5.0-2019.12-x86_64_aarch64-linux-gnu/bin/../lib/gcc/../../lib/gcc/aarch64-linux-gnu/7.5.0/include"]
  ignore line: [ignoring nonexistent directory "/home/hikerlee02/workspace/armcompilerchains/gcc-linaro-7.5.0-2019.12-x86_64_aarch64-linux-gnu/bin/../aarch64-linux-gnu/libc/usr/local/include/aarch64-linux-gnu"]
  ignore line: [ignoring nonexistent directory "/home/hikerlee02/workspace/armcompilerchains/gcc-linaro-7.5.0-2019.12-x86_64_aarch64-linux-gnu/bin/../aarch64-linux-gnu/libc/usr/local/include"]
  ignore line: [ignoring duplicate directory "/home/hikerlee02/workspace/armcompilerchains/gcc-linaro-7.5.0-2019.12-x86_64_aarch64-linux-gnu/bin/../lib/gcc/../../lib/gcc/aarch64-linux-gnu/7.5.0/include-fixed"]
  ignore line: [ignoring duplicate directory "/home/hikerlee02/workspace/armcompilerchains/gcc-linaro-7.5.0-2019.12-x86_64_aarch64-linux-gnu/bin/../lib/gcc/../../lib/gcc/aarch64-linux-gnu/7.5.0/../../../../aarch64-linux-gnu/include"]
  ignore line: [ignoring nonexistent directory "/home/hikerlee02/workspace/armcompilerchains/gcc-linaro-7.5.0-2019.12-x86_64_aarch64-linux-gnu/bin/../aarch64-linux-gnu/libc/usr/include/aarch64-linux-gnu"]
  ignore line: [#include "..." search starts here:]
  ignore line: [#include <...> search starts here:]
  ignore line: [ /home/hikerlee02/workspace/armcompilerchains/gcc-linaro-7.5.0-2019.12-x86_64_aarch64-linux-gnu/bin/../lib/gcc/aarch64-linux-gnu/7.5.0/include]
  ignore line: [ /home/hikerlee02/workspace/armcompilerchains/gcc-linaro-7.5.0-2019.12-x86_64_aarch64-linux-gnu/bin/../lib/gcc/aarch64-linux-gnu/7.5.0/include-fixed]
  ignore line: [ /home/hikerlee02/workspace/armcompilerchains/gcc-linaro-7.5.0-2019.12-x86_64_aarch64-linux-gnu/bin/../lib/gcc/aarch64-linux-gnu/7.5.0/../../../../aarch64-linux-gnu/include]
  ignore line: [ /home/hikerlee02/workspace/armcompilerchains/gcc-linaro-7.5.0-2019.12-x86_64_aarch64-linux-gnu/bin/../aarch64-linux-gnu/libc/usr/include]
  ignore line: [End of search list.]
  ignore line: [GNU C11 (Linaro GCC 7.5-2019.12) version 7.5.0 (aarch64-linux-gnu)]
  ignore line: [	compiled by GNU C version 4.8.4  GMP version 6.1.2  MPFR version 3.1.5  MPC version 1.0.3  isl version none]
  ignore line: [GGC heuristics: --param ggc-min-expand=100 --param ggc-min-heapsize=131072]
  ignore line: [Compiler executable checksum: 5d0f5ce72c62ffb599b2a09a116fcf39]
  ignore line: [COLLECT_GCC_OPTIONS='-v' '-o' 'CMakeFiles/cmTC_d0ac1.dir/CMakeCCompilerABI.c.o' '-c' '-march=armv8-a' '-mlittle-endian' '-mabi=lp64']
  ignore line: [ /home/hikerlee02/workspace/armcompilerchains/gcc-linaro-7.5.0-2019.12-x86_64_aarch64-linux-gnu/bin/../lib/gcc/aarch64-linux-gnu/7.5.0/../../../../aarch64-linux-gnu/bin/as -v -EL -march=armv8-a -mabi=lp64 -o CMakeFiles/cmTC_d0ac1.dir/CMakeCCompilerABI.c.o /tmp/cc0Jct5U.s]
  ignore line: [GNU assembler version 2.28.2 (aarch64-linux-gnu) using BFD version (Linaro_Binutils-2019.12) 2.28.2.20170706]
  ignore line: [COMPILER_PATH=/home/hikerlee02/workspace/armcompilerchains/gcc-linaro-7.5.0-2019.12-x86_64_aarch64-linux-gnu/bin/../libexec/gcc/aarch64-linux-gnu/7.5.0/:/home/hikerlee02/workspace/armcompilerchains/gcc-linaro-7.5.0-2019.12-x86_64_aarch64-linux-gnu/bin/../libexec/gcc/aarch64-linux-gnu/:/home/hikerlee02/workspace/armcompilerchains/gcc-linaro-7.5.0-2019.12-x86_64_aarch64-linux-gnu/bin/../libexec/gcc/:/home/hikerlee02/workspace/armcompilerchains/gcc-linaro-7.5.0-2019.12-x86_64_aarch64-linux-gnu/bin/../lib/gcc/aarch64-linux-gnu/7.5.0/../../../../aarch64-linux-gnu/bin/]
  ignore line: [LIBRARY_PATH=/home/hikerlee02/workspace/armcompilerchains/gcc-linaro-7.5.0-2019.12-x86_64_aarch64-linux-gnu/bin/../lib/gcc/aarch64-linux-gnu/7.5.0/:/home/hikerlee02/workspace/armcompilerchains/gcc-linaro-7.5.0-2019.12-x86_64_aarch64-linux-gnu/bin/../lib/gcc/aarch64-linux-gnu/:/home/hikerlee02/workspace/armcompilerchains/gcc-linaro-7.5.0-2019.12-x86_64_aarch64-linux-gnu/bin/../lib/gcc/:/home/hikerlee02/workspace/armcompilerchains/gcc-linaro-7.5.0-2019.12-x86_64_aarch64-linux-gnu/bin/../lib/gcc/aarch64-linux-gnu/7.5.0/../../../../aarch64-linux-gnu/lib/../lib64/:/home/hikerlee02/workspace/armcompilerchains/gcc-linaro-7.5.0-2019.12-x86_64_aarch64-linux-gnu/bin/../lib/gcc/aarch64-linux-gnu/7.5.0/../../../../aarch64-linux-gnu/lib/:/home/hikerlee02/workspace/armcompilerchains/gcc-linaro-7.5.0-2019.12-x86_64_aarch64-linux-gnu/bin/../aarch64-linux-gnu/libc/lib/:/home/hikerlee02/workspace/armcompilerchains/gcc-linaro-7.5.0-2019.12-x86_64_aarch64-linux-gnu/bin/../aarch64-linux-gnu/libc/usr/lib/]
  ignore line: [COLLECT_GCC_OPTIONS='-v' '-o' 'CMakeFiles/cmTC_d0ac1.dir/CMakeCCompilerABI.c.o' '-c' '-march=armv8-a' '-mlittle-endian' '-mabi=lp64']
  ignore line: [Linking C executable cmTC_d0ac1]
  ignore line: [/usr/bin/cmake -E cmake_link_script CMakeFiles/cmTC_d0ac1.dir/link.txt --verbose=1]
  ignore line: [/home/hikerlee02/workspace/armcompilerchains/gcc-linaro-7.5.0-2019.12-x86_64_aarch64-linux-gnu/bin/aarch64-linux-gnu-gcc  -v CMakeFiles/cmTC_d0ac1.dir/CMakeCCompilerABI.c.o -o cmTC_d0ac1 ]
  ignore line: [Using built-in specs.]
  ignore line: [COLLECT_GCC=/home/hikerlee02/workspace/armcompilerchains/gcc-linaro-7.5.0-2019.12-x86_64_aarch64-linux-gnu/bin/aarch64-linux-gnu-gcc]
  ignore line: [COLLECT_LTO_WRAPPER=/home/hikerlee02/workspace/armcompilerchains/gcc-linaro-7.5.0-2019.12-x86_64_aarch64-linux-gnu/bin/../libexec/gcc/aarch64-linux-gnu/7.5.0/lto-wrapper]
  ignore line: [Target: aarch64-linux-gnu]
  ignore line: [Configured with: '/home/tcwg-buildslave/workspace/tcwg-make-release_0/snapshots/gcc.git~linaro-7.5-2019.12/configure' SHELL=/bin/bash --with-mpc=/home/tcwg-buildslave/workspace/tcwg-make-release_0/_build/builds/destdir/x86_64-unknown-linux-gnu --with-mpfr=/home/tcwg-buildslave/workspace/tcwg-make-release_0/_build/builds/destdir/x86_64-unknown-linux-gnu --with-gmp=/home/tcwg-buildslave/workspace/tcwg-make-release_0/_build/builds/destdir/x86_64-unknown-linux-gnu --with-gnu-as --with-gnu-ld --disable-libmudflap --enable-lto --enable-shared --without-included-gettext --enable-nls --with-system-zlib --disable-sjlj-exceptions --enable-gnu-unique-object --enable-linker-build-id --disable-libstdcxx-pch --enable-c99 --enable-clocale=gnu --enable-libstdcxx-debug --enable-long-long --with-cloog=no --with-ppl=no --with-isl=no --disable-multilib --enable-fix-cortex-a53-835769 --enable-fix-cortex-a53-843419 --with-arch=armv8-a --enable-threads=posix --enable-multiarch --enable-libstdcxx-time=yes --enable-gnu-indirect-function --with-build-sysroot=/home/tcwg-buildslave/workspace/tcwg-make-release_0/_build/sysroots/aarch64-linux-gnu --with-sysroot=/home/tcwg-buildslave/workspace/tcwg-make-release_0/_build/builds/destdir/x86_64-unknown-linux-gnu/aarch64-linux-gnu/libc --enable-checking=release --disable-bootstrap --enable-languages=c,c++,fortran,lto --build=x86_64-unknown-linux-gnu --host=x86_64-unknown-linux-gnu --target=aarch64-linux-gnu --prefix=/home/tcwg-buildslave/workspace/tcwg-make-release_0/_build/builds/destdir/x86_64-unknown-linux-gnu]
  ignore line: [Thread model: posix]
  ignore line: [gcc version 7.5.0 (Linaro GCC 7.5-2019.12) ]
  ignore line: [COMPILER_PATH=/home/hikerlee02/workspace/armcompilerchains/gcc-linaro-7.5.0-2019.12-x86_64_aarch64-linux-gnu/bin/../libexec/gcc/aarch64-linux-gnu/7.5.0/:/home/hikerlee02/workspace/armcompilerchains/gcc-linaro-7.5.0-2019.12-x86_64_aarch64-linux-gnu/bin/../libexec/gcc/aarch64-linux-gnu/:/home/hikerlee02/workspace/armcompilerchains/gcc-linaro-7.5.0-2019.12-x86_64_aarch64-linux-gnu/bin/../libexec/gcc/:/home/hikerlee02/workspace/armcompilerchains/gcc-linaro-7.5.0-2019.12-x86_64_aarch64-linux-gnu/bin/../lib/gcc/aarch64-linux-gnu/7.5.0/../../../../aarch64-linux-gnu/bin/]
  ignore line: [LIBRARY_PATH=/home/hikerlee02/workspace/armcompilerchains/gcc-linaro-7.5.0-2019.12-x86_64_aarch64-linux-gnu/bin/../lib/gcc/aarch64-linux-gnu/7.5.0/:/home/hikerlee02/workspace/armcompilerchains/gcc-linaro-7.5.0-2019.12-x86_64_aarch64-linux-gnu/bin/../lib/gcc/aarch64-linux-gnu/:/home/hikerlee02/workspace/armcompilerchains/gcc-linaro-7.5.0-2019.12-x86_64_aarch64-linux-gnu/bin/../lib/gcc/:/home/hikerlee02/workspace/armcompilerchains/gcc-linaro-7.5.0-2019.12-x86_64_aarch64-linux-gnu/bin/../lib/gcc/aarch64-linux-gnu/7.5.0/../../../../aarch64-linux-gnu/lib/../lib64/:/home/hikerlee02/workspace/armcompilerchains/gcc-linaro-7.5.0-2019.12-x86_64_aarch64-linux-gnu/bin/../lib/gcc/aarch64-linux-gnu/7.5.0/../../../../aarch64-linux-gnu/lib/:/home/hikerlee02/workspace/armcompilerchains/gcc-linaro-7.5.0-2019.12-x86_64_aarch64-linux-gnu/bin/../aarch64-linux-gnu/libc/lib/:/home/hikerlee02/workspace/armcompilerchains/gcc-linaro-7.5.0-2019.12-x86_64_aarch64-linux-gnu/bin/../aarch64-linux-gnu/libc/usr/lib/]
  ignore line: [COLLECT_GCC_OPTIONS='-v' '-o' 'cmTC_d0ac1' '-march=armv8-a' '-mlittle-endian' '-mabi=lp64']
  link line: [ /home/hikerlee02/workspace/armcompilerchains/gcc-linaro-7.5.0-2019.12-x86_64_aarch64-linux-gnu/bin/../libexec/gcc/aarch64-linux-gnu/7.5.0/collect2 -plugin /home/hikerlee02/workspace/armcompilerchains/gcc-linaro-7.5.0-2019.12-x86_64_aarch64-linux-gnu/bin/../libexec/gcc/aarch64-linux-gnu/7.5.0/liblto_plugin.so -plugin-opt=/home/hikerlee02/workspace/armcompilerchains/gcc-linaro-7.5.0-2019.12-x86_64_aarch64-linux-gnu/bin/../libexec/gcc/aarch64-linux-gnu/7.5.0/lto-wrapper -plugin-opt=-fresolution=/tmp/ccI9Cg1T.res -plugin-opt=-pass-through=-lgcc -plugin-opt=-pass-through=-lgcc_s -plugin-opt=-pass-through=-lc -plugin-opt=-pass-through=-lgcc -plugin-opt=-pass-through=-lgcc_s --sysroot=/home/hikerlee02/workspace/armcompilerchains/gcc-linaro-7.5.0-2019.12-x86_64_aarch64-linux-gnu/bin/../aarch64-linux-gnu/libc --build-id --eh-frame-hdr -dynamic-linker /lib/ld-linux-aarch64.so.1 -X -EL -maarch64linux --fix-cortex-a53-835769 --fix-cortex-a53-843419 -o cmTC_d0ac1 /home/hikerlee02/workspace/armcompilerchains/gcc-linaro-7.5.0-2019.12-x86_64_aarch64-linux-gnu/bin/../aarch64-linux-gnu/libc/usr/lib/crt1.o /home/hikerlee02/workspace/armcompilerchains/gcc-linaro-7.5.0-2019.12-x86_64_aarch64-linux-gnu/bin/../aarch64-linux-gnu/libc/usr/lib/crti.o /home/hikerlee02/workspace/armcompilerchains/gcc-linaro-7.5.0-2019.12-x86_64_aarch64-linux-gnu/bin/../lib/gcc/aarch64-linux-gnu/7.5.0/crtbegin.o -L/home/hikerlee02/workspace/armcompilerchains/gcc-linaro-7.5.0-2019.12-x86_64_aarch64-linux-gnu/bin/../lib/gcc/aarch64-linux-gnu/7.5.0 -L/home/hikerlee02/workspace/armcompilerchains/gcc-linaro-7.5.0-2019.12-x86_64_aarch64-linux-gnu/bin/../lib/gcc/aarch64-linux-gnu -L/home/hikerlee02/workspace/armcompilerchains/gcc-linaro-7.5.0-2019.12-x86_64_aarch64-linux-gnu/bin/../lib/gcc -L/home/hikerlee02/workspace/armcompilerchains/gcc-linaro-7.5.0-2019.12-x86_64_aarch64-linux-gnu/bin/../lib/gcc/aarch64-linux-gnu/7.5.0/../../../../aarch64-linux-gnu/lib/../lib64 -L/home/hikerlee02/workspace/armcompilerchains/gcc-linaro-7.5.0-2019.12-x86_64_aarch64-linux-gnu/bin/../lib/gcc/aarch64-linux-gnu/7.5.0/../../../../aarch64-linux-gnu/lib -L/home/hikerlee02/workspace/armcompilerchains/gcc-linaro-7.5.0-2019.12-x86_64_aarch64-linux-gnu/bin/../aarch64-linux-gnu/libc/lib -L/home/hikerlee02/workspace/armcompilerchains/gcc-linaro-7.5.0-2019.12-x86_64_aarch64-linux-gnu/bin/../aarch64-linux-gnu/libc/usr/lib CMakeFiles/cmTC_d0ac1.dir/CMakeCCompilerABI.c.o -lgcc --as-needed -lgcc_s --no-as-needed -lc -lgcc --as-needed -lgcc_s --no-as-needed /home/hikerlee02/workspace/armcompilerchains/gcc-linaro-7.5.0-2019.12-x86_64_aarch64-linux-gnu/bin/../lib/gcc/aarch64-linux-gnu/7.5.0/crtend.o /home/hikerlee02/workspace/armcompilerchains/gcc-linaro-7.5.0-2019.12-x86_64_aarch64-linux-gnu/bin/../aarch64-linux-gnu/libc/usr/lib/crtn.o]
    arg [/home/hikerlee02/workspace/armcompilerchains/gcc-linaro-7.5.0-2019.12-x86_64_aarch64-linux-gnu/bin/../libexec/gcc/aarch64-linux-gnu/7.5.0/collect2] ==> ignore
    arg [-plugin] ==> ignore
    arg [/home/hikerlee02/workspace/armcompilerchains/gcc-linaro-7.5.0-2019.12-x86_64_aarch64-linux-gnu/bin/../libexec/gcc/aarch64-linux-gnu/7.5.0/liblto_plugin.so] ==> ignore
    arg [-plugin-opt=/home/hikerlee02/workspace/armcompilerchains/gcc-linaro-7.5.0-2019.12-x86_64_aarch64-linux-gnu/bin/../libexec/gcc/aarch64-linux-gnu/7.5.0/lto-wrapper] ==> ignore
    arg [-plugin-opt=-fresolution=/tmp/ccI9Cg1T.res] ==> ignore
    arg [-plugin-opt=-pass-through=-lgcc] ==> ignore
    arg [-plugin-opt=-pass-through=-lgcc_s] ==> ignore
    arg [-plugin-opt=-pass-through=-lc] ==> ignore
    arg [-plugin-opt=-pass-through=-lgcc] ==> ignore
    arg [-plugin-opt=-pass-through=-lgcc_s] ==> ignore
    arg [--sysroot=/home/hikerlee02/workspace/armcompilerchains/gcc-linaro-7.5.0-2019.12-x86_64_aarch64-linux-gnu/bin/../aarch64-linux-gnu/libc] ==> ignore
    arg [--build-id] ==> ignore
    arg [--eh-frame-hdr] ==> ignore
    arg [-dynamic-linker] ==> ignore
    arg [/lib/ld-linux-aarch64.so.1] ==> ignore
    arg [-X] ==> ignore
    arg [-EL] ==> ignore
    arg [-maarch64linux] ==> ignore
    arg [--fix-cortex-a53-835769] ==> ignore
    arg [--fix-cortex-a53-843419] ==> ignore
    arg [-o] ==> ignore
    arg [cmTC_d0ac1] ==> ignore
    arg [/home/hikerlee02/workspace/armcompilerchains/gcc-linaro-7.5.0-2019.12-x86_64_aarch64-linux-gnu/bin/../aarch64-linux-gnu/libc/usr/lib/crt1.o] ==> obj [/home/hikerlee02/workspace/armcompilerchains/gcc-linaro-7.5.0-2019.12-x86_64_aarch64-linux-gnu/bin/../aarch64-linux-gnu/libc/usr/lib/crt1.o]
    arg [/home/hikerlee02/workspace/armcompilerchains/gcc-linaro-7.5.0-2019.12-x86_64_aarch64-linux-gnu/bin/../aarch64-linux-gnu/libc/usr/lib/crti.o] ==> obj [/home/hikerlee02/workspace/armcompilerchains/gcc-linaro-7.5.0-2019.12-x86_64_aarch64-linux-gnu/bin/../aarch64-linux-gnu/libc/usr/lib/crti.o]
    arg [/home/hikerlee02/workspace/armcompilerchains/gcc-linaro-7.5.0-2019.12-x86_64_aarch64-linux-gnu/bin/../lib/gcc/aarch64-linux-gnu/7.5.0/crtbegin.o] ==> obj [/home/hikerlee02/workspace/armcompilerchains/gcc-linaro-7.5.0-2019.12-x86_64_aarch64-linux-gnu/bin/../lib/gcc/aarch64-linux-gnu/7.5.0/crtbegin.o]
    arg [-L/home/hikerlee02/workspace/armcompilerchains/gcc-linaro-7.5.0-2019.12-x86_64_aarch64-linux-gnu/bin/../lib/gcc/aarch64-linux-gnu/7.5.0] ==> dir [/home/hikerlee02/workspace/armcompilerchains/gcc-linaro-7.5.0-2019.12-x86_64_aarch64-linux-gnu/bin/../lib/gcc/aarch64-linux-gnu/7.5.0]
    arg [-L/home/hikerlee02/workspace/armcompilerchains/gcc-linaro-7.5.0-2019.12-x86_64_aarch64-linux-gnu/bin/../lib/gcc/aarch64-linux-gnu] ==> dir [/home/hikerlee02/workspace/armcompilerchains/gcc-linaro-7.5.0-2019.12-x86_64_aarch64-linux-gnu/bin/../lib/gcc/aarch64-linux-gnu]
    arg [-L/home/hikerlee02/workspace/armcompilerchains/gcc-linaro-7.5.0-2019.12-x86_64_aarch64-linux-gnu/bin/../lib/gcc] ==> dir [/home/hikerlee02/workspace/armcompilerchains/gcc-linaro-7.5.0-2019.12-x86_64_aarch64-linux-gnu/bin/../lib/gcc]
    arg [-L/home/hikerlee02/workspace/armcompilerchains/gcc-linaro-7.5.0-2019.12-x86_64_aarch64-linux-gnu/bin/../lib/gcc/aarch64-linux-gnu/7.5.0/../../../../aarch64-linux-gnu/lib/../lib64] ==> dir [/home/hikerlee02/workspace/armcompilerchains/gcc-linaro-7.5.0-2019.12-x86_64_aarch64-linux-gnu/bin/../lib/gcc/aarch64-linux-gnu/7.5.0/../../../../aarch64-linux-gnu/lib/../lib64]
    arg [-L/home/hikerlee02/workspace/armcompilerchains/gcc-linaro-7.5.0-2019.12-x86_64_aarch64-linux-gnu/bin/../lib/gcc/aarch64-linux-gnu/7.5.0/../../../../aarch64-linux-gnu/lib] ==> dir [/home/hikerlee02/workspace/armcompilerchains/gcc-linaro-7.5.0-2019.12-x86_64_aarch64-linux-gnu/bin/../lib/gcc/aarch64-linux-gnu/7.5.0/../../../../aarch64-linux-gnu/lib]
    arg [-L/home/hikerlee02/workspace/armcompilerchains/gcc-linaro-7.5.0-2019.12-x86_64_aarch64-linux-gnu/bin/../aarch64-linux-gnu/libc/lib] ==> dir [/home/hikerlee02/workspace/armcompilerchains/gcc-linaro-7.5.0-2019.12-x86_64_aarch64-linux-gnu/bin/../aarch64-linux-gnu/libc/lib]
    arg [-L/home/hikerlee02/workspace/armcompilerchains/gcc-linaro-7.5.0-2019.12-x86_64_aarch64-linux-gnu/bin/../aarch64-linux-gnu/libc/usr/lib] ==> dir [/home/hikerlee02/workspace/armcompilerchains/gcc-linaro-7.5.0-2019.12-x86_64_aarch64-linux-gnu/bin/../aarch64-linux-gnu/libc/usr/lib]
    arg [CMakeFiles/cmTC_d0ac1.dir/CMakeCCompilerABI.c.o] ==> ignore
    arg [-lgcc] ==> lib [gcc]
    arg [--as-needed] ==> ignore
    arg [-lgcc_s] ==> lib [gcc_s]
    arg [--no-as-needed] ==> ignore
    arg [-lc] ==> lib [c]
    arg [-lgcc] ==> lib [gcc]
    arg [--as-needed] ==> ignore
    arg [-lgcc_s] ==> lib [gcc_s]
    arg [--no-as-needed] ==> ignore
    arg [/home/hikerlee02/workspace/armcompilerchains/gcc-linaro-7.5.0-2019.12-x86_64_aarch64-linux-gnu/bin/../lib/gcc/aarch64-linux-gnu/7.5.0/crtend.o] ==> obj [/home/hikerlee02/workspace/armcompilerchains/gcc-linaro-7.5.0-2019.12-x86_64_aarch64-linux-gnu/bin/../lib/gcc/aarch64-linux-gnu/7.5.0/crtend.o]
    arg [/home/hikerlee02/workspace/armcompilerchains/gcc-linaro-7.5.0-2019.12-x86_64_aarch64-linux-gnu/bin/../aarch64-linux-gnu/libc/usr/lib/crtn.o] ==> obj [/home/hikerlee02/workspace/armcompilerchains/gcc-linaro-7.5.0-2019.12-x86_64_aarch64-linux-gnu/bin/../aarch64-linux-gnu/libc/usr/lib/crtn.o]
  collapse obj [/home/hikerlee02/workspace/armcompilerchains/gcc-linaro-7.5.0-2019.12-x86_64_aarch64-linux-gnu/bin/../aarch64-linux-gnu/libc/usr/lib/crt1.o] ==> [/home/hikerlee02/workspace/armcompilerchains/gcc-linaro-7.5.0-2019.12-x86_64_aarch64-linux-gnu/aarch64-linux-gnu/libc/usr/lib/crt1.o]
  collapse obj [/home/hikerlee02/workspace/armcompilerchains/gcc-linaro-7.5.0-2019.12-x86_64_aarch64-linux-gnu/bin/../aarch64-linux-gnu/libc/usr/lib/crti.o] ==> [/home/hikerlee02/workspace/armcompilerchains/gcc-linaro-7.5.0-2019.12-x86_64_aarch64-linux-gnu/aarch64-linux-gnu/libc/usr/lib/crti.o]
  collapse obj [/home/hikerlee02/workspace/armcompilerchains/gcc-linaro-7.5.0-2019.12-x86_64_aarch64-linux-gnu/bin/../lib/gcc/aarch64-linux-gnu/7.5.0/crtbegin.o] ==> [/home/hikerlee02/workspace/armcompilerchains/gcc-linaro-7.5.0-2019.12-x86_64_aarch64-linux-gnu/lib/gcc/aarch64-linux-gnu/7.5.0/crtbegin.o]
  collapse obj [/home/hikerlee02/workspace/armcompilerchains/gcc-linaro-7.5.0-2019.12-x86_64_aarch64-linux-gnu/bin/../lib/gcc/aarch64-linux-gnu/7.5.0/crtend.o] ==> [/home/hikerlee02/workspace/armcompilerchains/gcc-linaro-7.5.0-2019.12-x86_64_aarch64-linux-gnu/lib/gcc/aarch64-linux-gnu/7.5.0/crtend.o]
  collapse obj [/home/hikerlee02/workspace/armcompilerchains/gcc-linaro-7.5.0-2019.12-x86_64_aarch64-linux-gnu/bin/../aarch64-linux-gnu/libc/usr/lib/crtn.o] ==> [/home/hikerlee02/workspace/armcompilerchains/gcc-linaro-7.5.0-2019.12-x86_64_aarch64-linux-gnu/aarch64-linux-gnu/libc/usr/lib/crtn.o]
  collapse library dir [/home/hikerlee02/workspace/armcompilerchains/gcc-linaro-7.5.0-2019.12-x86_64_aarch64-linux-gnu/bin/../lib/gcc/aarch64-linux-gnu/7.5.0] ==> [/home/hikerlee02/workspace/armcompilerchains/gcc-linaro-7.5.0-2019.12-x86_64_aarch64-linux-gnu/lib/gcc/aarch64-linux-gnu/7.5.0]
  collapse library dir [/home/hikerlee02/workspace/armcompilerchains/gcc-linaro-7.5.0-2019.12-x86_64_aarch64-linux-gnu/bin/../lib/gcc/aarch64-linux-gnu] ==> [/home/hikerlee02/workspace/armcompilerchains/gcc-linaro-7.5.0-2019.12-x86_64_aarch64-linux-gnu/lib/gcc/aarch64-linux-gnu]
  collapse library dir [/home/hikerlee02/workspace/armcompilerchains/gcc-linaro-7.5.0-2019.12-x86_64_aarch64-linux-gnu/bin/../lib/gcc] ==> [/home/hikerlee02/workspace/armcompilerchains/gcc-linaro-7.5.0-2019.12-x86_64_aarch64-linux-gnu/lib/gcc]
  collapse library dir [/home/hikerlee02/workspace/armcompilerchains/gcc-linaro-7.5.0-2019.12-x86_64_aarch64-linux-gnu/bin/../lib/gcc/aarch64-linux-gnu/7.5.0/../../../../aarch64-linux-gnu/lib/../lib64] ==> [/home/hikerlee02/workspace/armcompilerchains/gcc-linaro-7.5.0-2019.12-x86_64_aarch64-linux-gnu/aarch64-linux-gnu/lib64]
  collapse library dir [/home/hikerlee02/workspace/armcompilerchains/gcc-linaro-7.5.0-2019.12-x86_64_aarch64-linux-gnu/bin/../lib/gcc/aarch64-linux-gnu/7.5.0/../../../../aarch64-linux-gnu/lib] ==> [/home/hikerlee02/workspace/armcompilerchains/gcc-linaro-7.5.0-2019.12-x86_64_aarch64-linux-gnu/aarch64-linux-gnu/lib]
  collapse library dir [/home/hikerlee02/workspace/armcompilerchains/gcc-linaro-7.5.0-2019.12-x86_64_aarch64-linux-gnu/bin/../aarch64-linux-gnu/libc/lib] ==> [/home/hikerlee02/workspace/armcompilerchains/gcc-linaro-7.5.0-2019.12-x86_64_aarch64-linux-gnu/aarch64-linux-gnu/libc/lib]
  collapse library dir [/home/hikerlee02/workspace/armcompilerchains/gcc-linaro-7.5.0-2019.12-x86_64_aarch64-linux-gnu/bin/../aarch64-linux-gnu/libc/usr/lib] ==> [/home/hikerlee02/workspace/armcompilerchains/gcc-linaro-7.5.0-2019.12-x86_64_aarch64-linux-gnu/aarch64-linux-gnu/libc/usr/lib]
  implicit libs: [gcc;gcc_s;c;gcc;gcc_s]
  implicit objs: [/home/hikerlee02/workspace/armcompilerchains/gcc-linaro-7.5.0-2019.12-x86_64_aarch64-linux-gnu/aarch64-linux-gnu/libc/usr/lib/crt1.o;/home/hikerlee02/workspace/armcompilerchains/gcc-linaro-7.5.0-2019.12-x86_64_aarch64-linux-gnu/aarch64-linux-gnu/libc/usr/lib/crti.o;/home/hikerlee02/workspace/armcompilerchains/gcc-linaro-7.5.0-2019.12-x86_64_aarch64-linux-gnu/lib/gcc/aarch64-linux-gnu/7.5.0/crtbegin.o;/home/hikerlee02/workspace/armcompilerchains/gcc-linaro-7.5.0-2019.12-x86_64_aarch64-linux-gnu/lib/gcc/aarch64-linux-gnu/7.5.0/crtend.o;/home/hikerlee02/workspace/armcompilerchains/gcc-linaro-7.5.0-2019.12-x86_64_aarch64-linux-gnu/aarch64-linux-gnu/libc/usr/lib/crtn.o]
  implicit dirs: [/home/hikerlee02/workspace/armcompilerchains/gcc-linaro-7.5.0-2019.12-x86_64_aarch64-linux-gnu/lib/gcc/aarch64-linux-gnu/7.5.0;/home/hikerlee02/workspace/armcompilerchains/gcc-linaro-7.5.0-2019.12-x86_64_aarch64-linux-gnu/lib/gcc/aarch64-linux-gnu;/home/hikerlee02/workspace/armcompilerchains/gcc-linaro-7.5.0-2019.12-x86_64_aarch64-linux-gnu/lib/gcc;/home/hikerlee02/workspace/armcompilerchains/gcc-linaro-7.5.0-2019.12-x86_64_aarch64-linux-gnu/aarch64-linux-gnu/lib64;/home/hikerlee02/workspace/armcompilerchains/gcc-linaro-7.5.0-2019.12-x86_64_aarch64-linux-gnu/aarch64-linux-gnu/lib;/home/hikerlee02/workspace/armcompilerchains/gcc-linaro-7.5.0-2019.12-x86_64_aarch64-linux-gnu/aarch64-linux-gnu/libc/lib;/home/hikerlee02/workspace/armcompilerchains/gcc-linaro-7.5.0-2019.12-x86_64_aarch64-linux-gnu/aarch64-linux-gnu/libc/usr/lib]
  implicit fwks: []


Detecting CXX compiler ABI info compiled with the following output:
Change Dir: /home/hikerlee02/workspace/vsomeip-test/gitworks/vsomeip_performance_test/armbuild/CMakeFiles/CMakeTmp

Run Build Command(s):/usr/bin/gmake -f Makefile cmTC_b2311/fast && /usr/bin/gmake  -f CMakeFiles/cmTC_b2311.dir/build.make CMakeFiles/cmTC_b2311.dir/build
gmake[1]: Entering directory '/home/hikerlee02/workspace/vsomeip-test/gitworks/vsomeip_performance_test/armbuild/CMakeFiles/CMakeTmp'
Building CXX object CMakeFiles/cmTC_b2311.dir/CMakeCXXCompilerABI.cpp.o
/home/hikerlee02/workspace/armcompilerchains/gcc-linaro-7.5.0-2019.12-x86_64_aarch64-linux-gnu/bin/aarch64-linux-gnu-g++   -Wall -pthread -ldl -Wall -pthread -ldl    -v -o CMakeFiles/cmTC_b2311.dir/CMakeCXXCompilerABI.cpp.o -c /usr/share/cmake-3.22/Modules/CMakeCXXCompilerABI.cpp
Using built-in specs.
COLLECT_GCC=/home/hikerlee02/workspace/armcompilerchains/gcc-linaro-7.5.0-2019.12-x86_64_aarch64-linux-gnu/bin/aarch64-linux-gnu-g++
Target: aarch64-linux-gnu
Configured with: '/home/tcwg-buildslave/workspace/tcwg-make-release_0/snapshots/gcc.git~linaro-7.5-2019.12/configure' SHELL=/bin/bash --with-mpc=/home/tcwg-buildslave/workspace/tcwg-make-release_0/_build/builds/destdir/x86_64-unknown-linux-gnu --with-mpfr=/home/tcwg-buildslave/workspace/tcwg-make-release_0/_build/builds/destdir/x86_64-unknown-linux-gnu --with-gmp=/home/tcwg-buildslave/workspace/tcwg-make-release_0/_build/builds/destdir/x86_64-unknown-linux-gnu --with-gnu-as --with-gnu-ld --disable-libmudflap --enable-lto --enable-shared --without-included-gettext --enable-nls --with-system-zlib --disable-sjlj-exceptions --enable-gnu-unique-object --enable-linker-build-id --disable-libstdcxx-pch --enable-c99 --enable-clocale=gnu --enable-libstdcxx-debug --enable-long-long --with-cloog=no --with-ppl=no --with-isl=no --disable-multilib --enable-fix-cortex-a53-835769 --enable-fix-cortex-a53-843419 --with-arch=armv8-a --enable-threads=posix --enable-multiarch --enable-libstdcxx-time=yes --enable-gnu-indirect-function --with-build-sysroot=/home/tcwg-buildslave/workspace/tcwg-make-release_0/_build/sysroots/aarch64-linux-gnu --with-sysroot=/home/tcwg-buildslave/workspace/tcwg-make-release_0/_build/builds/destdir/x86_64-unknown-linux-gnu/aarch64-linux-gnu/libc --enable-checking=release --disable-bootstrap --enable-languages=c,c++,fortran,lto --build=x86_64-unknown-linux-gnu --host=x86_64-unknown-linux-gnu --target=aarch64-linux-gnu --prefix=/home/tcwg-buildslave/workspace/tcwg-make-release_0/_build/builds/destdir/x86_64-unknown-linux-gnu
Thread model: posix
gcc version 7.5.0 (Linaro GCC 7.5-2019.12) 
COLLECT_GCC_OPTIONS='-pthread' '-Wall' '-pthread' '-v' '-o' 'CMakeFiles/cmTC_b2311.dir/CMakeCXXCompilerABI.cpp.o' '-c' '-shared-libgcc' '-march=armv8-a' '-mlittle-endian' '-mabi=lp64'
 /home/hikerlee02/workspace/armcompilerchains/gcc-linaro-7.5.0-2019.12-x86_64_aarch64-linux-gnu/bin/../libexec/gcc/aarch64-linux-gnu/7.5.0/cc1plus -quiet -v -imultiarch aarch64-linux-gnu -iprefix /home/hikerlee02/workspace/armcompilerchains/gcc-linaro-7.5.0-2019.12-x86_64_aarch64-linux-gnu/bin/../lib/gcc/aarch64-linux-gnu/7.5.0/ -isysroot /home/hikerlee02/workspace/armcompilerchains/gcc-linaro-7.5.0-2019.12-x86_64_aarch64-linux-gnu/bin/../aarch64-linux-gnu/libc -D_GNU_SOURCE -D_REENTRANT /usr/share/cmake-3.22/Modules/CMakeCXXCompilerABI.cpp -quiet -dumpbase CMakeCXXCompilerABI.cpp -march=armv8-a -mlittle-endian -mabi=lp64 -auxbase-strip CMakeFiles/cmTC_b2311.dir/CMakeCXXCompilerABI.cpp.o -Wall -version -o /tmp/ccmVzj8K.s
GNU C++14 (Linaro GCC 7.5-2019.12) version 7.5.0 (aarch64-linux-gnu)
	compiled by GNU C version 4.8.4, GMP version 6.1.2, MPFR version 3.1.5, MPC version 1.0.3, isl version none
GGC heuristics: --param ggc-min-expand=100 --param ggc-min-heapsize=131072
ignoring duplicate directory "/home/hikerlee02/workspace/armcompilerchains/gcc-linaro-7.5.0-2019.12-x86_64_aarch64-linux-gnu/bin/../lib/gcc/../../lib/gcc/aarch64-linux-gnu/7.5.0/../../../../aarch64-linux-gnu/include/c++/7.5.0"
ignoring duplicate directory "/home/hikerlee02/workspace/armcompilerchains/gcc-linaro-7.5.0-2019.12-x86_64_aarch64-linux-gnu/bin/../lib/gcc/../../lib/gcc/aarch64-linux-gnu/7.5.0/../../../../aarch64-linux-gnu/include/c++/7.5.0/aarch64-linux-gnu"
ignoring duplicate directory "/home/hikerlee02/workspace/armcompilerchains/gcc-linaro-7.5.0-2019.12-x86_64_aarch64-linux-gnu/bin/../lib/gcc/../../lib/gcc/aarch64-linux-gnu/7.5.0/../../../../aarch64-linux-gnu/include/c++/7.5.0/backward"
ignoring duplicate directory "/home/hikerlee02/workspace/armcompilerchains/gcc-linaro-7.5.0-2019.12-x86_64_aarch64-linux-gnu/bin/../lib/gcc/../../lib/gcc/aarch64-linux-gnu/7.5.0/include"
ignoring nonexistent directory "/home/hikerlee02/workspace/armcompilerchains/gcc-linaro-7.5.0-2019.12-x86_64_aarch64-linux-gnu/bin/../aarch64-linux-gnu/libc/usr/local/include/aarch64-linux-gnu"
ignoring nonexistent directory "/home/hikerlee02/workspace/armcompilerchains/gcc-linaro-7.5.0-2019.12-x86_64_aarch64-linux-gnu/bin/../aarch64-linux-gnu/libc/usr/local/include"
ignoring duplicate directory "/home/hikerlee02/workspace/armcompilerchains/gcc-linaro-7.5.0-2019.12-x86_64_aarch64-linux-gnu/bin/../lib/gcc/../../lib/gcc/aarch64-linux-gnu/7.5.0/include-fixed"
ignoring duplicate directory "/home/hikerlee02/workspace/armcompilerchains/gcc-linaro-7.5.0-2019.12-x86_64_aarch64-linux-gnu/bin/../lib/gcc/../../lib/gcc/aarch64-linux-gnu/7.5.0/../../../../aarch64-linux-gnu/include"
ignoring nonexistent directory "/home/hikerlee02/workspace/armcompilerchains/gcc-linaro-7.5.0-2019.12-x86_64_aarch64-linux-gnu/bin/../aarch64-linux-gnu/libc/usr/include/aarch64-linux-gnu"
#include "..." search starts here:
#include <...> search starts here:
 /home/hikerlee02/workspace/armcompilerchains/gcc-linaro-7.5.0-2019.12-x86_64_aarch64-linux-gnu/bin/../lib/gcc/aarch64-linux-gnu/7.5.0/../../../../aarch64-linux-gnu/include/c++/7.5.0
 /home/hikerlee02/workspace/armcompilerchains/gcc-linaro-7.5.0-2019.12-x86_64_aarch64-linux-gnu/bin/../lib/gcc/aarch64-linux-gnu/7.5.0/../../../../aarch64-linux-gnu/include/c++/7.5.0/aarch64-linux-gnu
 /home/hikerlee02/workspace/armcompilerchains/gcc-linaro-7.5.0-2019.12-x86_64_aarch64-linux-gnu/bin/../lib/gcc/aarch64-linux-gnu/7.5.0/../../../../aarch64-linux-gnu/include/c++/7.5.0/backward
 /home/hikerlee02/workspace/armcompilerchains/gcc-linaro-7.5.0-2019.12-x86_64_aarch64-linux-gnu/bin/../lib/gcc/aarch64-linux-gnu/7.5.0/include
 /home/hikerlee02/workspace/armcompilerchains/gcc-linaro-7.5.0-2019.12-x86_64_aarch64-linux-gnu/bin/../lib/gcc/aarch64-linux-gnu/7.5.0/include-fixed
 /home/hikerlee02/workspace/armcompilerchains/gcc-linaro-7.5.0-2019.12-x86_64_aarch64-linux-gnu/bin/../lib/gcc/aarch64-linux-gnu/7.5.0/../../../../aarch64-linux-gnu/include
 /home/hikerlee02/workspace/armcompilerchains/gcc-linaro-7.5.0-2019.12-x86_64_aarch64-linux-gnu/bin/../aarch64-linux-gnu/libc/usr/include
End of search list.
GNU C++14 (Linaro GCC 7.5-2019.12) version 7.5.0 (aarch64-linux-gnu)
	compiled by GNU C version 4.8.4, GMP version 6.1.2, MPFR version 3.1.5, MPC version 1.0.3, isl version none
GGC heuristics: --param ggc-min-expand=100 --param ggc-min-heapsize=131072
Compiler executable checksum: 966bcc360f46d7d0bf38230662fdbbf8
COLLECT_GCC_OPTIONS='-pthread' '-Wall' '-pthread' '-v' '-o' 'CMakeFiles/cmTC_b2311.dir/CMakeCXXCompilerABI.cpp.o' '-c' '-shared-libgcc' '-march=armv8-a' '-mlittle-endian' '-mabi=lp64'
 /home/hikerlee02/workspace/armcompilerchains/gcc-linaro-7.5.0-2019.12-x86_64_aarch64-linux-gnu/bin/../lib/gcc/aarch64-linux-gnu/7.5.0/../../../../aarch64-linux-gnu/bin/as -v -EL -march=armv8-a -mabi=lp64 -o CMakeFiles/cmTC_b2311.dir/CMakeCXXCompilerABI.cpp.o /tmp/ccmVzj8K.s
GNU assembler version 2.28.2 (aarch64-linux-gnu) using BFD version (Linaro_Binutils-2019.12) 2.28.2.20170706
COMPILER_PATH=/home/hikerlee02/workspace/armcompilerchains/gcc-linaro-7.5.0-2019.12-x86_64_aarch64-linux-gnu/bin/../libexec/gcc/aarch64-linux-gnu/7.5.0/:/home/hikerlee02/workspace/armcompilerchains/gcc-linaro-7.5.0-2019.12-x86_64_aarch64-linux-gnu/bin/../libexec/gcc/aarch64-linux-gnu/:/home/hikerlee02/workspace/armcompilerchains/gcc-linaro-7.5.0-2019.12-x86_64_aarch64-linux-gnu/bin/../libexec/gcc/:/home/hikerlee02/workspace/armcompilerchains/gcc-linaro-7.5.0-2019.12-x86_64_aarch64-linux-gnu/bin/../lib/gcc/aarch64-linux-gnu/7.5.0/../../../../aarch64-linux-gnu/bin/
LIBRARY_PATH=/home/hikerlee02/workspace/armcompilerchains/gcc-linaro-7.5.0-2019.12-x86_64_aarch64-linux-gnu/bin/../lib/gcc/aarch64-linux-gnu/7.5.0/:/home/hikerlee02/workspace/armcompilerchains/gcc-linaro-7.5.0-2019.12-x86_64_aarch64-linux-gnu/bin/../lib/gcc/aarch64-linux-gnu/:/home/hikerlee02/workspace/armcompilerchains/gcc-linaro-7.5.0-2019.12-x86_64_aarch64-linux-gnu/bin/../lib/gcc/:/home/hikerlee02/workspace/armcompilerchains/gcc-linaro-7.5.0-2019.12-x86_64_aarch64-linux-gnu/bin/../lib/gcc/aarch64-linux-gnu/7.5.0/../../../../aarch64-linux-gnu/lib/../lib64/:/home/hikerlee02/workspace/armcompilerchains/gcc-linaro-7.5.0-2019.12-x86_64_aarch64-linux-gnu/bin/../lib/gcc/aarch64-linux-gnu/7.5.0/../../../../aarch64-linux-gnu/lib/:/home/hikerlee02/workspace/armcompilerchains/gcc-linaro-7.5.0-2019.12-x86_64_aarch64-linux-gnu/bin/../aarch64-linux-gnu/libc/lib/:/home/hikerlee02/workspace/armcompilerchains/gcc-linaro-7.5.0-2019.12-x86_64_aarch64-linux-gnu/bin/../aarch64-linux-gnu/libc/usr/lib/
COLLECT_GCC_OPTIONS='-pthread' '-Wall' '-pthread' '-v' '-o' 'CMakeFiles/cmTC_b2311.dir/CMakeCXXCompilerABI.cpp.o' '-c' '-shared-libgcc' '-march=armv8-a' '-mlittle-endian' '-mabi=lp64'
Linking CXX executable cmTC_b2311
/usr/bin/cmake -E cmake_link_script CMakeFiles/cmTC_b2311.dir/link.txt --verbose=1
/home/hikerlee02/workspace/armcompilerchains/gcc-linaro-7.5.0-2019.12-x86_64_aarch64-linux-gnu/bin/aarch64-linux-gnu-g++  -Wall -pthread -ldl -Wall -pthread -ldl   -v CMakeFiles/cmTC_b2311.dir/CMakeCXXCompilerABI.cpp.o -o cmTC_b2311 
Using built-in specs.
COLLECT_GCC=/home/hikerlee02/workspace/armcompilerchains/gcc-linaro-7.5.0-2019.12-x86_64_aarch64-linux-gnu/bin/aarch64-linux-gnu-g++
COLLECT_LTO_WRAPPER=/home/hikerlee02/workspace/armcompilerchains/gcc-linaro-7.5.0-2019.12-x86_64_aarch64-linux-gnu/bin/../libexec/gcc/aarch64-linux-gnu/7.5.0/lto-wrapper
Target: aarch64-linux-gnu
Configured with: '/home/tcwg-buildslave/workspace/tcwg-make-release_0/snapshots/gcc.git~linaro-7.5-2019.12/configure' SHELL=/bin/bash --with-mpc=/home/tcwg-buildslave/workspace/tcwg-make-release_0/_build/builds/destdir/x86_64-unknown-linux-gnu --with-mpfr=/home/tcwg-buildslave/workspace/tcwg-make-release_0/_build/builds/destdir/x86_64-unknown-linux-gnu --with-gmp=/home/tcwg-buildslave/workspace/tcwg-make-release_0/_build/builds/destdir/x86_64-unknown-linux-gnu --with-gnu-as --with-gnu-ld --disable-libmudflap --enable-lto --enable-shared --without-included-gettext --enable-nls --with-system-zlib --disable-sjlj-exceptions --enable-gnu-unique-object --enable-linker-build-id --disable-libstdcxx-pch --enable-c99 --enable-clocale=gnu --enable-libstdcxx-debug --enable-long-long --with-cloog=no --with-ppl=no --with-isl=no --disable-multilib --enable-fix-cortex-a53-835769 --enable-fix-cortex-a53-843419 --with-arch=armv8-a --enable-threads=posix --enable-multiarch --enable-libstdcxx-time=yes --enable-gnu-indirect-function --with-build-sysroot=/home/tcwg-buildslave/workspace/tcwg-make-release_0/_build/sysroots/aarch64-linux-gnu --with-sysroot=/home/tcwg-buildslave/workspace/tcwg-make-release_0/_build/builds/destdir/x86_64-unknown-linux-gnu/aarch64-linux-gnu/libc --enable-checking=release --disable-bootstrap --enable-languages=c,c++,fortran,lto --build=x86_64-unknown-linux-gnu --host=x86_64-unknown-linux-gnu --target=aarch64-linux-gnu --prefix=/home/tcwg-buildslave/workspace/tcwg-make-release_0/_build/builds/destdir/x86_64-unknown-linux-gnu
Thread model: posix
gcc version 7.5.0 (Linaro GCC 7.5-2019.12) 
COMPILER_PATH=/home/hikerlee02/workspace/armcompilerchains/gcc-linaro-7.5.0-2019.12-x86_64_aarch64-linux-gnu/bin/../libexec/gcc/aarch64-linux-gnu/7.5.0/:/home/hikerlee02/workspace/armcompilerchains/gcc-linaro-7.5.0-2019.12-x86_64_aarch64-linux-gnu/bin/../libexec/gcc/aarch64-linux-gnu/:/home/hikerlee02/workspace/armcompilerchains/gcc-linaro-7.5.0-2019.12-x86_64_aarch64-linux-gnu/bin/../libexec/gcc/:/home/hikerlee02/workspace/armcompilerchains/gcc-linaro-7.5.0-2019.12-x86_64_aarch64-linux-gnu/bin/../lib/gcc/aarch64-linux-gnu/7.5.0/../../../../aarch64-linux-gnu/bin/
LIBRARY_PATH=/home/hikerlee02/workspace/armcompilerchains/gcc-linaro-7.5.0-2019.12-x86_64_aarch64-linux-gnu/bin/../lib/gcc/aarch64-linux-gnu/7.5.0/:/home/hikerlee02/workspace/armcompilerchains/gcc-linaro-7.5.0-2019.12-x86_64_aarch64-linux-gnu/bin/../lib/gcc/aarch64-linux-gnu/:/home/hikerlee02/workspace/armcompilerchains/gcc-linaro-7.5.0-2019.12-x86_64_aarch64-linux-gnu/bin/../lib/gcc/:/home/hikerlee02/workspace/armcompilerchains/gcc-linaro-7.5.0-2019.12-x86_64_aarch64-linux-gnu/bin/../lib/gcc/aarch64-linux-gnu/7.5.0/../../../../aarch64-linux-gnu/lib/../lib64/:/home/hikerlee02/workspace/armcompilerchains/gcc-linaro-7.5.0-2019.12-x86_64_aarch64-linux-gnu/bin/../lib/gcc/aarch64-linux-gnu/7.5.0/../../../../aarch64-linux-gnu/lib/:/home/hikerlee02/workspace/armcompilerchains/gcc-linaro-7.5.0-2019.12-x86_64_aarch64-linux-gnu/bin/../aarch64-linux-gnu/libc/lib/:/home/hikerlee02/workspace/armcompilerchains/gcc-linaro-7.5.0-2019.12-x86_64_aarch64-linux-gnu/bin/../aarch64-linux-gnu/libc/usr/lib/
COLLECT_GCC_OPTIONS='-pthread' '-Wall' '-pthread' '-v' '-o' 'cmTC_b2311' '-shared-libgcc' '-march=armv8-a' '-mlittle-endian' '-mabi=lp64'
 /home/hikerlee02/workspace/armcompilerchains/gcc-linaro-7.5.0-2019.12-x86_64_aarch64-linux-gnu/bin/../libexec/gcc/aarch64-linux-gnu/7.5.0/collect2 -plugin /home/hikerlee02/workspace/armcompilerchains/gcc-linaro-7.5.0-2019.12-x86_64_aarch64-linux-gnu/bin/../libexec/gcc/aarch64-linux-gnu/7.5.0/liblto_plugin.so -plugin-opt=/home/hikerlee02/workspace/armcompilerchains/gcc-linaro-7.5.0-2019.12-x86_64_aarch64-linux-gnu/bin/../libexec/gcc/aarch64-linux-gnu/7.5.0/lto-wrapper -plugin-opt=-fresolution=/tmp/ccJ7mQ7F.res -plugin-opt=-pass-through=-lgcc_s -plugin-opt=-pass-through=-lgcc -plugin-opt=-pass-through=-lpthread -plugin-opt=-pass-through=-lc -plugin-opt=-pass-through=-lgcc_s -plugin-opt=-pass-through=-lgcc --sysroot=/home/hikerlee02/workspace/armcompilerchains/gcc-linaro-7.5.0-2019.12-x86_64_aarch64-linux-gnu/bin/../aarch64-linux-gnu/libc --build-id --eh-frame-hdr -dynamic-linker /lib/ld-linux-aarch64.so.1 -X -EL -maarch64linux --fix-cortex-a53-835769 --fix-cortex-a53-843419 -o cmTC_b2311 /home/hikerlee02/workspace/armcompilerchains/gcc-linaro-7.5.0-2019.12-x86_64_aarch64-linux-gnu/bin/../aarch64-linux-gnu/libc/usr/lib/crt1.o /home/hikerlee02/workspace/armcompilerchains/gcc-linaro-7.5.0-2019.12-x86_64_aarch64-linux-gnu/bin/../aarch64-linux-gnu/libc/usr/lib/crti.o /home/hikerlee02/workspace/armcompilerchains/gcc-linaro-7.5.0-2019.12-x86_64_aarch64-linux-gnu/bin/../lib/gcc/aarch64-linux-gnu/7.5.0/crtbegin.o -L/home/hikerlee02/workspace/armcompilerchains/gcc-linaro-7.5.0-2019.12-x86_64_aarch64-linux-gnu/bin/../lib/gcc/aarch64-linux-gnu/7.5.0 -L/home/hikerlee02/workspace/armcompilerchains/gcc-linaro-7.5.0-2019.12-x86_64_aarch64-linux-gnu/bin/../lib/gcc/aarch64-linux-gnu -L/home/hikerlee02/workspace/armcompilerchains/gcc-linaro-7.5.0-2019.12-x86_64_aarch64-linux-gnu/bin/../lib/gcc -L/home/hikerlee02/workspace/armcompilerchains/gcc-linaro-7.5.0-2019.12-x86_64_aarch64-linux-gnu/bin/../lib/gcc/aarch64-linux-gnu/7.5.0/../../../../aarch64-linux-gnu/lib/../lib64 -L/home/hikerlee02/workspace/armcompilerchains/gcc-linaro-7.5.0-2019.12-x86_64_aarch64-linux-gnu/bin/../lib/gcc/aarch64-linux-gnu/7.5.0/../../../../aarch64-linux-gnu/lib -L/home/hikerlee02/workspace/armcompilerchains/gcc-linaro-7.5.0-2019.12-x86_64_aarch64-linux-gnu/bin/../aarch64-linux-gnu/libc/lib -L/home/hikerlee02/workspace/armcompilerchains/gcc-linaro-7.5.0-2019.12-x86_64_aarch64-linux-gnu/bin/../aarch64-linux-gnu/libc/usr/lib -ldl -ldl CMakeFiles/cmTC_b2311.dir/CMakeCXXCompilerABI.cpp.o -lstdc++ -lm -lgcc_s -lgcc -lpthread -lc -lgcc_s -lgcc /home/hikerlee02/workspace/armcompilerchains/gcc-linaro-7.5.0-2019.12-x86_64_aarch64-linux-gnu/bin/../lib/gcc/aarch64-linux-gnu/7.5.0/crtend.o /home/hikerlee02/workspace/armcompilerchains/gcc-linaro-7.5.0-2019.12-x86_64_aarch64-linux-gnu/bin/../aarch64-linux-gnu/libc/usr/lib/crtn.o
COLLECT_GCC_OPTIONS='-pthread' '-Wall' '-pthread' '-v' '-o' 'cmTC_b2311' '-shared-libgcc' '-march=armv8-a' '-mlittle-endian' '-mabi=lp64'
gmake[1]: Leaving directory '/home/hikerlee02/workspace/vsomeip-test/gitworks/vsomeip_performance_test/armbuild/CMakeFiles/CMakeTmp'



Parsed CXX implicit include dir info from above output: rv=done
  found start of include info
  found start of implicit include info
    add: [/home/hikerlee02/workspace/armcompilerchains/gcc-linaro-7.5.0-2019.12-x86_64_aarch64-linux-gnu/bin/../lib/gcc/aarch64-linux-gnu/7.5.0/../../../../aarch64-linux-gnu/include/c++/7.5.0]
    add: [/home/hikerlee02/workspace/armcompilerchains/gcc-linaro-7.5.0-2019.12-x86_64_aarch64-linux-gnu/bin/../lib/gcc/aarch64-linux-gnu/7.5.0/../../../../aarch64-linux-gnu/include/c++/7.5.0/aarch64-linux-gnu]
    add: [/home/hikerlee02/workspace/armcompilerchains/gcc-linaro-7.5.0-2019.12-x86_64_aarch64-linux-gnu/bin/../lib/gcc/aarch64-linux-gnu/7.5.0/../../../../aarch64-linux-gnu/include/c++/7.5.0/backward]
    add: [/home/hikerlee02/workspace/armcompilerchains/gcc-linaro-7.5.0-2019.12-x86_64_aarch64-linux-gnu/bin/../lib/gcc/aarch64-linux-gnu/7.5.0/include]
    add: [/home/hikerlee02/workspace/armcompilerchains/gcc-linaro-7.5.0-2019.12-x86_64_aarch64-linux-gnu/bin/../lib/gcc/aarch64-linux-gnu/7.5.0/include-fixed]
    add: [/home/hikerlee02/workspace/armcompilerchains/gcc-linaro-7.5.0-2019.12-x86_64_aarch64-linux-gnu/bin/../lib/gcc/aarch64-linux-gnu/7.5.0/../../../../aarch64-linux-gnu/include]
    add: [/home/hikerlee02/workspace/armcompilerchains/gcc-linaro-7.5.0-2019.12-x86_64_aarch64-linux-gnu/bin/../aarch64-linux-gnu/libc/usr/include]
  end of search list found
  collapse include dir [/home/hikerlee02/workspace/armcompilerchains/gcc-linaro-7.5.0-2019.12-x86_64_aarch64-linux-gnu/bin/../lib/gcc/aarch64-linux-gnu/7.5.0/../../../../aarch64-linux-gnu/include/c++/7.5.0] ==> [/home/hikerlee02/workspace/armcompilerchains/gcc-linaro-7.5.0-2019.12-x86_64_aarch64-linux-gnu/aarch64-linux-gnu/include/c++/7.5.0]
  collapse include dir [/home/hikerlee02/workspace/armcompilerchains/gcc-linaro-7.5.0-2019.12-x86_64_aarch64-linux-gnu/bin/../lib/gcc/aarch64-linux-gnu/7.5.0/../../../../aarch64-linux-gnu/include/c++/7.5.0/aarch64-linux-gnu] ==> [/home/hikerlee02/workspace/armcompilerchains/gcc-linaro-7.5.0-2019.12-x86_64_aarch64-linux-gnu/aarch64-linux-gnu/include/c++/7.5.0/aarch64-linux-gnu]
  collapse include dir [/home/hikerlee02/workspace/armcompilerchains/gcc-linaro-7.5.0-2019.12-x86_64_aarch64-linux-gnu/bin/../lib/gcc/aarch64-linux-gnu/7.5.0/../../../../aarch64-linux-gnu/include/c++/7.5.0/backward] ==> [/home/hikerlee02/workspace/armcompilerchains/gcc-linaro-7.5.0-2019.12-x86_64_aarch64-linux-gnu/aarch64-linux-gnu/include/c++/7.5.0/backward]
  collapse include dir [/home/hikerlee02/workspace/armcompilerchains/gcc-linaro-7.5.0-2019.12-x86_64_aarch64-linux-gnu/bin/../lib/gcc/aarch64-linux-gnu/7.5.0/include] ==> [/home/hikerlee02/workspace/armcompilerchains/gcc-linaro-7.5.0-2019.12-x86_64_aarch64-linux-gnu/lib/gcc/aarch64-linux-gnu/7.5.0/include]
  collapse include dir [/home/hikerlee02/workspace/armcompilerchains/gcc-linaro-7.5.0-2019.12-x86_64_aarch64-linux-gnu/bin/../lib/gcc/aarch64-linux-gnu/7.5.0/include-fixed] ==> [/home/hikerlee02/workspace/armcompilerchains/gcc-linaro-7.5.0-2019.12-x86_64_aarch64-linux-gnu/lib/gcc/aarch64-linux-gnu/7.5.0/include-fixed]
  collapse include dir [/home/hikerlee02/workspace/armcompilerchains/gcc-linaro-7.5.0-2019.12-x86_64_aarch64-linux-gnu/bin/../lib/gcc/aarch64-linux-gnu/7.5.0/../../../../aarch64-linux-gnu/include] ==> [/home/hikerlee02/workspace/armcompilerchains/gcc-linaro-7.5.0-2019.12-x86_64_aarch64-linux-gnu/aarch64-linux-gnu/include]
  collapse include dir [/home/hikerlee02/workspace/armcompilerchains/gcc-linaro-7.5.0-2019.12-x86_64_aarch64-linux-gnu/bin/../aarch64-linux-gnu/libc/usr/include] ==> [/home/hikerlee02/workspace/armcompilerchains/gcc-linaro-7.5.0-2019.12-x86_64_aarch64-linux-gnu/aarch64-linux-gnu/libc/usr/include]
  implicit include dirs: [/home/hikerlee02/workspace/armcompilerchains/gcc-linaro-7.5.0-2019.12-x86_64_aarch64-linux-gnu/aarch64-linux-gnu/include/c++/7.5.0;/home/hikerlee02/workspace/armcompilerchains/gcc-linaro-7.5.0-2019.12-x86_64_aarch64-linux-gnu/aarch64-linux-gnu/include/c++/7.5.0/aarch64-linux-gnu;/home/hikerlee02/workspace/armcompilerchains/gcc-linaro-7.5.0-2019.12-x86_64_aarch64-linux-gnu/aarch64-linux-gnu/include/c++/7.5.0/backward;/home/hikerlee02/workspace/armcompilerchains/gcc-linaro-7.5.0-2019.12-x86_64_aarch64-linux-gnu/lib/gcc/aarch64-linux-gnu/7.5.0/include;/home/hikerlee02/workspace/armcompilerchains/gcc-linaro-7.5.0-2019.12-x86_64_aarch64-linux-gnu/lib/gcc/aarch64-linux-gnu/7.5.0/include-fixed;/home/hikerlee02/workspace/armcompilerchains/gcc-linaro-7.5.0-2019.12-x86_64_aarch64-linux-gnu/aarch64-linux-gnu/include;/home/hikerlee02/workspace/armcompilerchains/gcc-linaro-7.5.0-2019.12-x86_64_aarch64-linux-gnu/aarch64-linux-gnu/libc/usr/include]


Parsed CXX implicit link information from above output:
  link line regex: [^( *|.*[/\])(aarch64-linux-gnu-ld|CMAKE_LINK_STARTFILE-NOTFOUND|([^/\]+-)?ld|collect2)[^/\]*( |$)]
  ignore line: [Change Dir: /home/hikerlee02/workspace/vsomeip-test/gitworks/vsomeip_performance_test/armbuild/CMakeFiles/CMakeTmp]
  ignore line: []
  ignore line: [Run Build Command(s):/usr/bin/gmake -f Makefile cmTC_b2311/fast && /usr/bin/gmake  -f CMakeFiles/cmTC_b2311.dir/build.make CMakeFiles/cmTC_b2311.dir/build]
  ignore line: [gmake[1]: Entering directory '/home/hikerlee02/workspace/vsomeip-test/gitworks/vsomeip_performance_test/armbuild/CMakeFiles/CMakeTmp']
  ignore line: [Building CXX object CMakeFiles/cmTC_b2311.dir/CMakeCXXCompilerABI.cpp.o]
  ignore line: [/home/hikerlee02/workspace/armcompilerchains/gcc-linaro-7.5.0-2019.12-x86_64_aarch64-linux-gnu/bin/aarch64-linux-gnu-g++   -Wall -pthread -ldl -Wall -pthread -ldl    -v -o CMakeFiles/cmTC_b2311.dir/CMakeCXXCompilerABI.cpp.o -c /usr/share/cmake-3.22/Modules/CMakeCXXCompilerABI.cpp]
  ignore line: [Using built-in specs.]
  ignore line: [COLLECT_GCC=/home/hikerlee02/workspace/armcompilerchains/gcc-linaro-7.5.0-2019.12-x86_64_aarch64-linux-gnu/bin/aarch64-linux-gnu-g++]
  ignore line: [Target: aarch64-linux-gnu]
  ignore line: [Configured with: '/home/tcwg-buildslave/workspace/tcwg-make-release_0/snapshots/gcc.git~linaro-7.5-2019.12/configure' SHELL=/bin/bash --with-mpc=/home/tcwg-buildslave/workspace/tcwg-make-release_0/_build/builds/destdir/x86_64-unknown-linux-gnu --with-mpfr=/home/tcwg-buildslave/workspace/tcwg-make-release_0/_build/builds/destdir/x86_64-unknown-linux-gnu --with-gmp=/home/tcwg-buildslave/workspace/tcwg-make-release_0/_build/builds/destdir/x86_64-unknown-linux-gnu --with-gnu-as --with-gnu-ld --disable-libmudflap --enable-lto --enable-shared --without-included-gettext --enable-nls --with-system-zlib --disable-sjlj-exceptions --enable-gnu-unique-object --enable-linker-build-id --disable-libstdcxx-pch --enable-c99 --enable-clocale=gnu --enable-libstdcxx-debug --enable-long-long --with-cloog=no --with-ppl=no --with-isl=no --disable-multilib --enable-fix-cortex-a53-835769 --enable-fix-cortex-a53-843419 --with-arch=armv8-a --enable-threads=posix --enable-multiarch --enable-libstdcxx-time=yes --enable-gnu-indirect-function --with-build-sysroot=/home/tcwg-buildslave/workspace/tcwg-make-release_0/_build/sysroots/aarch64-linux-gnu --with-sysroot=/home/tcwg-buildslave/workspace/tcwg-make-release_0/_build/builds/destdir/x86_64-unknown-linux-gnu/aarch64-linux-gnu/libc --enable-checking=release --disable-bootstrap --enable-languages=c,c++,fortran,lto --build=x86_64-unknown-linux-gnu --host=x86_64-unknown-linux-gnu --target=aarch64-linux-gnu --prefix=/home/tcwg-buildslave/workspace/tcwg-make-release_0/_build/builds/destdir/x86_64-unknown-linux-gnu]
  ignore line: [Thread model: posix]
  ignore line: [gcc version 7.5.0 (Linaro GCC 7.5-2019.12) ]
  ignore line: [COLLECT_GCC_OPTIONS='-pthread' '-Wall' '-pthread' '-v' '-o' 'CMakeFiles/cmTC_b2311.dir/CMakeCXXCompilerABI.cpp.o' '-c' '-shared-libgcc' '-march=armv8-a' '-mlittle-endian' '-mabi=lp64']
  ignore line: [ /home/hikerlee02/workspace/armcompilerchains/gcc-linaro-7.5.0-2019.12-x86_64_aarch64-linux-gnu/bin/../libexec/gcc/aarch64-linux-gnu/7.5.0/cc1plus -quiet -v -imultiarch aarch64-linux-gnu -iprefix /home/hikerlee02/workspace/armcompilerchains/gcc-linaro-7.5.0-2019.12-x86_64_aarch64-linux-gnu/bin/../lib/gcc/aarch64-linux-gnu/7.5.0/ -isysroot /home/hikerlee02/workspace/armcompilerchains/gcc-linaro-7.5.0-2019.12-x86_64_aarch64-linux-gnu/bin/../aarch64-linux-gnu/libc -D_GNU_SOURCE -D_REENTRANT /usr/share/cmake-3.22/Modules/CMakeCXXCompilerABI.cpp -quiet -dumpbase CMakeCXXCompilerABI.cpp -march=armv8-a -mlittle-endian -mabi=lp64 -auxbase-strip CMakeFiles/cmTC_b2311.dir/CMakeCXXCompilerABI.cpp.o -Wall -version -o /tmp/ccmVzj8K.s]
  ignore line: [GNU C++14 (Linaro GCC 7.5-2019.12) version 7.5.0 (aarch64-linux-gnu)]
  ignore line: [	compiled by GNU C version 4.8.4  GMP version 6.1.2  MPFR version 3.1.5  MPC version 1.0.3  isl version none]
  ignore line: [GGC heuristics: --param ggc-min-expand=100 --param ggc-min-heapsize=131072]
  ignore line: [ignoring duplicate directory "/home/hikerlee02/workspace/armcompilerchains/gcc-linaro-7.5.0-2019.12-x86_64_aarch64-linux-gnu/bin/../lib/gcc/../../lib/gcc/aarch64-linux-gnu/7.5.0/../../../../aarch64-linux-gnu/include/c++/7.5.0"]
  ignore line: [ignoring duplicate directory "/home/hikerlee02/workspace/armcompilerchains/gcc-linaro-7.5.0-2019.12-x86_64_aarch64-linux-gnu/bin/../lib/gcc/../../lib/gcc/aarch64-linux-gnu/7.5.0/../../../../aarch64-linux-gnu/include/c++/7.5.0/aarch64-linux-gnu"]
  ignore line: [ignoring duplicate directory "/home/hikerlee02/workspace/armcompilerchains/gcc-linaro-7.5.0-2019.12-x86_64_aarch64-linux-gnu/bin/../lib/gcc/../../lib/gcc/aarch64-linux-gnu/7.5.0/../../../../aarch64-linux-gnu/include/c++/7.5.0/backward"]
  ignore line: [ignoring duplicate directory "/home/hikerlee02/workspace/armcompilerchains/gcc-linaro-7.5.0-2019.12-x86_64_aarch64-linux-gnu/bin/../lib/gcc/../../lib/gcc/aarch64-linux-gnu/7.5.0/include"]
  ignore line: [ignoring nonexistent directory "/home/hikerlee02/workspace/armcompilerchains/gcc-linaro-7.5.0-2019.12-x86_64_aarch64-linux-gnu/bin/../aarch64-linux-gnu/libc/usr/local/include/aarch64-linux-gnu"]
  ignore line: [ignoring nonexistent directory "/home/hikerlee02/workspace/armcompilerchains/gcc-linaro-7.5.0-2019.12-x86_64_aarch64-linux-gnu/bin/../aarch64-linux-gnu/libc/usr/local/include"]
  ignore line: [ignoring duplicate directory "/home/hikerlee02/workspace/armcompilerchains/gcc-linaro-7.5.0-2019.12-x86_64_aarch64-linux-gnu/bin/../lib/gcc/../../lib/gcc/aarch64-linux-gnu/7.5.0/include-fixed"]
  ignore line: [ignoring duplicate directory "/home/hikerlee02/workspace/armcompilerchains/gcc-linaro-7.5.0-2019.12-x86_64_aarch64-linux-gnu/bin/../lib/gcc/../../lib/gcc/aarch64-linux-gnu/7.5.0/../../../../aarch64-linux-gnu/include"]
  ignore line: [ignoring nonexistent directory "/home/hikerlee02/workspace/armcompilerchains/gcc-linaro-7.5.0-2019.12-x86_64_aarch64-linux-gnu/bin/../aarch64-linux-gnu/libc/usr/include/aarch64-linux-gnu"]
  ignore line: [#include "..." search starts here:]
  ignore line: [#include <...> search starts here:]
  ignore line: [ /home/hikerlee02/workspace/armcompilerchains/gcc-linaro-7.5.0-2019.12-x86_64_aarch64-linux-gnu/bin/../lib/gcc/aarch64-linux-gnu/7.5.0/../../../../aarch64-linux-gnu/include/c++/7.5.0]
  ignore line: [ /home/hikerlee02/workspace/armcompilerchains/gcc-linaro-7.5.0-2019.12-x86_64_aarch64-linux-gnu/bin/../lib/gcc/aarch64-linux-gnu/7.5.0/../../../../aarch64-linux-gnu/include/c++/7.5.0/aarch64-linux-gnu]
  ignore line: [ /home/hikerlee02/workspace/armcompilerchains/gcc-linaro-7.5.0-2019.12-x86_64_aarch64-linux-gnu/bin/../lib/gcc/aarch64-linux-gnu/7.5.0/../../../../aarch64-linux-gnu/include/c++/7.5.0/backward]
  ignore line: [ /home/hikerlee02/workspace/armcompilerchains/gcc-linaro-7.5.0-2019.12-x86_64_aarch64-linux-gnu/bin/../lib/gcc/aarch64-linux-gnu/7.5.0/include]
  ignore line: [ /home/hikerlee02/workspace/armcompilerchains/gcc-linaro-7.5.0-2019.12-x86_64_aarch64-linux-gnu/bin/../lib/gcc/aarch64-linux-gnu/7.5.0/include-fixed]
  ignore line: [ /home/hikerlee02/workspace/armcompilerchains/gcc-linaro-7.5.0-2019.12-x86_64_aarch64-linux-gnu/bin/../lib/gcc/aarch64-linux-gnu/7.5.0/../../../../aarch64-linux-gnu/include]
  ignore line: [ /home/hikerlee02/workspace/armcompilerchains/gcc-linaro-7.5.0-2019.12-x86_64_aarch64-linux-gnu/bin/../aarch64-linux-gnu/libc/usr/include]
  ignore line: [End of search list.]
  ignore line: [GNU C++14 (Linaro GCC 7.5-2019.12) version 7.5.0 (aarch64-linux-gnu)]
  ignore line: [	compiled by GNU C version 4.8.4  GMP version 6.1.2  MPFR version 3.1.5  MPC version 1.0.3  isl version none]
  ignore line: [GGC heuristics: --param ggc-min-expand=100 --param ggc-min-heapsize=131072]
  ignore line: [Compiler executable checksum: 966bcc360f46d7d0bf38230662fdbbf8]
  ignore line: [COLLECT_GCC_OPTIONS='-pthread' '-Wall' '-pthread' '-v' '-o' 'CMakeFiles/cmTC_b2311.dir/CMakeCXXCompilerABI.cpp.o' '-c' '-shared-libgcc' '-march=armv8-a' '-mlittle-endian' '-mabi=lp64']
  ignore line: [ /home/hikerlee02/workspace/armcompilerchains/gcc-linaro-7.5.0-2019.12-x86_64_aarch64-linux-gnu/bin/../lib/gcc/aarch64-linux-gnu/7.5.0/../../../../aarch64-linux-gnu/bin/as -v -EL -march=armv8-a -mabi=lp64 -o CMakeFiles/cmTC_b2311.dir/CMakeCXXCompilerABI.cpp.o /tmp/ccmVzj8K.s]
  ignore line: [GNU assembler version 2.28.2 (aarch64-linux-gnu) using BFD version (Linaro_Binutils-2019.12) 2.28.2.20170706]
  ignore line: [COMPILER_PATH=/home/hikerlee02/workspace/armcompilerchains/gcc-linaro-7.5.0-2019.12-x86_64_aarch64-linux-gnu/bin/../libexec/gcc/aarch64-linux-gnu/7.5.0/:/home/hikerlee02/workspace/armcompilerchains/gcc-linaro-7.5.0-2019.12-x86_64_aarch64-linux-gnu/bin/../libexec/gcc/aarch64-linux-gnu/:/home/hikerlee02/workspace/armcompilerchains/gcc-linaro-7.5.0-2019.12-x86_64_aarch64-linux-gnu/bin/../libexec/gcc/:/home/hikerlee02/workspace/armcompilerchains/gcc-linaro-7.5.0-2019.12-x86_64_aarch64-linux-gnu/bin/../lib/gcc/aarch64-linux-gnu/7.5.0/../../../../aarch64-linux-gnu/bin/]
  ignore line: [LIBRARY_PATH=/home/hikerlee02/workspace/armcompilerchains/gcc-linaro-7.5.0-2019.12-x86_64_aarch64-linux-gnu/bin/../lib/gcc/aarch64-linux-gnu/7.5.0/:/home/hikerlee02/workspace/armcompilerchains/gcc-linaro-7.5.0-2019.12-x86_64_aarch64-linux-gnu/bin/../lib/gcc/aarch64-linux-gnu/:/home/hikerlee02/workspace/armcompilerchains/gcc-linaro-7.5.0-2019.12-x86_64_aarch64-linux-gnu/bin/../lib/gcc/:/home/hikerlee02/workspace/armcompilerchains/gcc-linaro-7.5.0-2019.12-x86_64_aarch64-linux-gnu/bin/../lib/gcc/aarch64-linux-gnu/7.5.0/../../../../aarch64-linux-gnu/lib/../lib64/:/home/hikerlee02/workspace/armcompilerchains/gcc-linaro-7.5.0-2019.12-x86_64_aarch64-linux-gnu/bin/../lib/gcc/aarch64-linux-gnu/7.5.0/../../../../aarch64-linux-gnu/lib/:/home/hikerlee02/workspace/armcompilerchains/gcc-linaro-7.5.0-2019.12-x86_64_aarch64-linux-gnu/bin/../aarch64-linux-gnu/libc/lib/:/home/hikerlee02/workspace/armcompilerchains/gcc-linaro-7.5.0-2019.12-x86_64_aarch64-linux-gnu/bin/../aarch64-linux-gnu/libc/usr/lib/]
  ignore line: [COLLECT_GCC_OPTIONS='-pthread' '-Wall' '-pthread' '-v' '-o' 'CMakeFiles/cmTC_b2311.dir/CMakeCXXCompilerABI.cpp.o' '-c' '-shared-libgcc' '-march=armv8-a' '-mlittle-endian' '-mabi=lp64']
  ignore line: [Linking CXX executable cmTC_b2311]
  ignore line: [/usr/bin/cmake -E cmake_link_script CMakeFiles/cmTC_b2311.dir/link.txt --verbose=1]
  ignore line: [/home/hikerlee02/workspace/armcompilerchains/gcc-linaro-7.5.0-2019.12-x86_64_aarch64-linux-gnu/bin/aarch64-linux-gnu-g++  -Wall -pthread -ldl -Wall -pthread -ldl   -v CMakeFiles/cmTC_b2311.dir/CMakeCXXCompilerABI.cpp.o -o cmTC_b2311 ]
  ignore line: [Using built-in specs.]
  ignore line: [COLLECT_GCC=/home/hikerlee02/workspace/armcompilerchains/gcc-linaro-7.5.0-2019.12-x86_64_aarch64-linux-gnu/bin/aarch64-linux-gnu-g++]
  ignore line: [COLLECT_LTO_WRAPPER=/home/hikerlee02/workspace/armcompilerchains/gcc-linaro-7.5.0-2019.12-x86_64_aarch64-linux-gnu/bin/../libexec/gcc/aarch64-linux-gnu/7.5.0/lto-wrapper]
  ignore line: [Target: aarch64-linux-gnu]
  ignore line: [Configured with: '/home/tcwg-buildslave/workspace/tcwg-make-release_0/snapshots/gcc.git~linaro-7.5-2019.12/configure' SHELL=/bin/bash --with-mpc=/home/tcwg-buildslave/workspace/tcwg-make-release_0/_build/builds/destdir/x86_64-unknown-linux-gnu --with-mpfr=/home/tcwg-buildslave/workspace/tcwg-make-release_0/_build/builds/destdir/x86_64-unknown-linux-gnu --with-gmp=/home/tcwg-buildslave/workspace/tcwg-make-release_0/_build/builds/destdir/x86_64-unknown-linux-gnu --with-gnu-as --with-gnu-ld --disable-libmudflap --enable-lto --enable-shared --without-included-gettext --enable-nls --with-system-zlib --disable-sjlj-exceptions --enable-gnu-unique-object --enable-linker-build-id --disable-libstdcxx-pch --enable-c99 --enable-clocale=gnu --enable-libstdcxx-debug --enable-long-long --with-cloog=no --with-ppl=no --with-isl=no --disable-multilib --enable-fix-cortex-a53-835769 --enable-fix-cortex-a53-843419 --with-arch=armv8-a --enable-threads=posix --enable-multiarch --enable-libstdcxx-time=yes --enable-gnu-indirect-function --with-build-sysroot=/home/tcwg-buildslave/workspace/tcwg-make-release_0/_build/sysroots/aarch64-linux-gnu --with-sysroot=/home/tcwg-buildslave/workspace/tcwg-make-release_0/_build/builds/destdir/x86_64-unknown-linux-gnu/aarch64-linux-gnu/libc --enable-checking=release --disable-bootstrap --enable-languages=c,c++,fortran,lto --build=x86_64-unknown-linux-gnu --host=x86_64-unknown-linux-gnu --target=aarch64-linux-gnu --prefix=/home/tcwg-buildslave/workspace/tcwg-make-release_0/_build/builds/destdir/x86_64-unknown-linux-gnu]
  ignore line: [Thread model: posix]
  ignore line: [gcc version 7.5.0 (Linaro GCC 7.5-2019.12) ]
  ignore line: [COMPILER_PATH=/home/hikerlee02/workspace/armcompilerchains/gcc-linaro-7.5.0-2019.12-x86_64_aarch64-linux-gnu/bin/../libexec/gcc/aarch64-linux-gnu/7.5.0/:/home/hikerlee02/workspace/armcompilerchains/gcc-linaro-7.5.0-2019.12-x86_64_aarch64-linux-gnu/bin/../libexec/gcc/aarch64-linux-gnu/:/home/hikerlee02/workspace/armcompilerchains/gcc-linaro-7.5.0-2019.12-x86_64_aarch64-linux-gnu/bin/../libexec/gcc/:/home/hikerlee02/workspace/armcompilerchains/gcc-linaro-7.5.0-2019.12-x86_64_aarch64-linux-gnu/bin/../lib/gcc/aarch64-linux-gnu/7.5.0/../../../../aarch64-linux-gnu/bin/]
  ignore line: [LIBRARY_PATH=/home/hikerlee02/workspace/armcompilerchains/gcc-linaro-7.5.0-2019.12-x86_64_aarch64-linux-gnu/bin/../lib/gcc/aarch64-linux-gnu/7.5.0/:/home/hikerlee02/workspace/armcompilerchains/gcc-linaro-7.5.0-2019.12-x86_64_aarch64-linux-gnu/bin/../lib/gcc/aarch64-linux-gnu/:/home/hikerlee02/workspace/armcompilerchains/gcc-linaro-7.5.0-2019.12-x86_64_aarch64-linux-gnu/bin/../lib/gcc/:/home/hikerlee02/workspace/armcompilerchains/gcc-linaro-7.5.0-2019.12-x86_64_aarch64-linux-gnu/bin/../lib/gcc/aarch64-linux-gnu/7.5.0/../../../../aarch64-linux-gnu/lib/../lib64/:/home/hikerlee02/workspace/armcompilerchains/gcc-linaro-7.5.0-2019.12-x86_64_aarch64-linux-gnu/bin/../lib/gcc/aarch64-linux-gnu/7.5.0/../../../../aarch64-linux-gnu/lib/:/home/hikerlee02/workspace/armcompilerchains/gcc-linaro-7.5.0-2019.12-x86_64_aarch64-linux-gnu/bin/../aarch64-linux-gnu/libc/lib/:/home/hikerlee02/workspace/armcompilerchains/gcc-linaro-7.5.0-2019.12-x86_64_aarch64-linux-gnu/bin/../aarch64-linux-gnu/libc/usr/lib/]
  ignore line: [COLLECT_GCC_OPTIONS='-pthread' '-Wall' '-pthread' '-v' '-o' 'cmTC_b2311' '-shared-libgcc' '-march=armv8-a' '-mlittle-endian' '-mabi=lp64']
  link line: [ /home/hikerlee02/workspace/armcompilerchains/gcc-linaro-7.5.0-2019.12-x86_64_aarch64-linux-gnu/bin/../libexec/gcc/aarch64-linux-gnu/7.5.0/collect2 -plugin /home/hikerlee02/workspace/armcompilerchains/gcc-linaro-7.5.0-2019.12-x86_64_aarch64-linux-gnu/bin/../libexec/gcc/aarch64-linux-gnu/7.5.0/liblto_plugin.so -plugin-opt=/home/hikerlee02/workspace/armcompilerchains/gcc-linaro-7.5.0-2019.12-x86_64_aarch64-linux-gnu/bin/../libexec/gcc/aarch64-linux-gnu/7.5.0/lto-wrapper -plugin-opt=-fresolution=/tmp/ccJ7mQ7F.res -plugin-opt=-pass-through=-lgcc_s -plugin-opt=-pass-through=-lgcc -plugin-opt=-pass-through=-lpthread -plugin-opt=-pass-through=-lc -plugin-opt=-pass-through=-lgcc_s -plugin-opt=-pass-through=-lgcc --sysroot=/home/hikerlee02/workspace/armcompilerchains/gcc-linaro-7.5.0-2019.12-x86_64_aarch64-linux-gnu/bin/../aarch64-linux-gnu/libc --build-id --eh-frame-hdr -dynamic-linker /lib/ld-linux-aarch64.so.1 -X -EL -maarch64linux --fix-cortex-a53-835769 --fix-cortex-a53-843419 -o cmTC_b2311 /home/hikerlee02/workspace/armcompilerchains/gcc-linaro-7.5.0-2019.12-x86_64_aarch64-linux-gnu/bin/../aarch64-linux-gnu/libc/usr/lib/crt1.o /home/hikerlee02/workspace/armcompilerchains/gcc-linaro-7.5.0-2019.12-x86_64_aarch64-linux-gnu/bin/../aarch64-linux-gnu/libc/usr/lib/crti.o /home/hikerlee02/workspace/armcompilerchains/gcc-linaro-7.5.0-2019.12-x86_64_aarch64-linux-gnu/bin/../lib/gcc/aarch64-linux-gnu/7.5.0/crtbegin.o -L/home/hikerlee02/workspace/armcompilerchains/gcc-linaro-7.5.0-2019.12-x86_64_aarch64-linux-gnu/bin/../lib/gcc/aarch64-linux-gnu/7.5.0 -L/home/hikerlee02/workspace/armcompilerchains/gcc-linaro-7.5.0-2019.12-x86_64_aarch64-linux-gnu/bin/../lib/gcc/aarch64-linux-gnu -L/home/hikerlee02/workspace/armcompilerchains/gcc-linaro-7.5.0-2019.12-x86_64_aarch64-linux-gnu/bin/../lib/gcc -L/home/hikerlee02/workspace/armcompilerchains/gcc-linaro-7.5.0-2019.12-x86_64_aarch64-linux-gnu/bin/../lib/gcc/aarch64-linux-gnu/7.5.0/../../../../aarch64-linux-gnu/lib/../lib64 -L/home/hikerlee02/workspace/armcompilerchains/gcc-linaro-7.5.0-2019.12-x86_64_aarch64-linux-gnu/bin/../lib/gcc/aarch64-linux-gnu/7.5.0/../../../../aarch64-linux-gnu/lib -L/home/hikerlee02/workspace/armcompilerchains/gcc-linaro-7.5.0-2019.12-x86_64_aarch64-linux-gnu/bin/../aarch64-linux-gnu/libc/lib -L/home/hikerlee02/workspace/armcompilerchains/gcc-linaro-7.5.0-2019.12-x86_64_aarch64-linux-gnu/bin/../aarch64-linux-gnu/libc/usr/lib -ldl -ldl CMakeFiles/cmTC_b2311.dir/CMakeCXXCompilerABI.cpp.o -lstdc++ -lm -lgcc_s -lgcc -lpthread -lc -lgcc_s -lgcc /home/hikerlee02/workspace/armcompilerchains/gcc-linaro-7.5.0-2019.12-x86_64_aarch64-linux-gnu/bin/../lib/gcc/aarch64-linux-gnu/7.5.0/crtend.o /home/hikerlee02/workspace/armcompilerchains/gcc-linaro-7.5.0-2019.12-x86_64_aarch64-linux-gnu/bin/../aarch64-linux-gnu/libc/usr/lib/crtn.o]
    arg [/home/hikerlee02/workspace/armcompilerchains/gcc-linaro-7.5.0-2019.12-x86_64_aarch64-linux-gnu/bin/../libexec/gcc/aarch64-linux-gnu/7.5.0/collect2] ==> ignore
    arg [-plugin] ==> ignore
    arg [/home/hikerlee02/workspace/armcompilerchains/gcc-linaro-7.5.0-2019.12-x86_64_aarch64-linux-gnu/bin/../libexec/gcc/aarch64-linux-gnu/7.5.0/liblto_plugin.so] ==> ignore
    arg [-plugin-opt=/home/hikerlee02/workspace/armcompilerchains/gcc-linaro-7.5.0-2019.12-x86_64_aarch64-linux-gnu/bin/../libexec/gcc/aarch64-linux-gnu/7.5.0/lto-wrapper] ==> ignore
    arg [-plugin-opt=-fresolution=/tmp/ccJ7mQ7F.res] ==> ignore
    arg [-plugin-opt=-pass-through=-lgcc_s] ==> ignore
    arg [-plugin-opt=-pass-through=-lgcc] ==> ignore
    arg [-plugin-opt=-pass-through=-lpthread] ==> ignore
    arg [-plugin-opt=-pass-through=-lc] ==> ignore
    arg [-plugin-opt=-pass-through=-lgcc_s] ==> ignore
    arg [-plugin-opt=-pass-through=-lgcc] ==> ignore
    arg [--sysroot=/home/hikerlee02/workspace/armcompilerchains/gcc-linaro-7.5.0-2019.12-x86_64_aarch64-linux-gnu/bin/../aarch64-linux-gnu/libc] ==> ignore
    arg [--build-id] ==> ignore
    arg [--eh-frame-hdr] ==> ignore
    arg [-dynamic-linker] ==> ignore
    arg [/lib/ld-linux-aarch64.so.1] ==> ignore
    arg [-X] ==> ignore
    arg [-EL] ==> ignore
    arg [-maarch64linux] ==> ignore
    arg [--fix-cortex-a53-835769] ==> ignore
    arg [--fix-cortex-a53-843419] ==> ignore
    arg [-o] ==> ignore
    arg [cmTC_b2311] ==> ignore
    arg [/home/hikerlee02/workspace/armcompilerchains/gcc-linaro-7.5.0-2019.12-x86_64_aarch64-linux-gnu/bin/../aarch64-linux-gnu/libc/usr/lib/crt1.o] ==> obj [/home/hikerlee02/workspace/armcompilerchains/gcc-linaro-7.5.0-2019.12-x86_64_aarch64-linux-gnu/bin/../aarch64-linux-gnu/libc/usr/lib/crt1.o]
    arg [/home/hikerlee02/workspace/armcompilerchains/gcc-linaro-7.5.0-2019.12-x86_64_aarch64-linux-gnu/bin/../aarch64-linux-gnu/libc/usr/lib/crti.o] ==> obj [/home/hikerlee02/workspace/armcompilerchains/gcc-linaro-7.5.0-2019.12-x86_64_aarch64-linux-gnu/bin/../aarch64-linux-gnu/libc/usr/lib/crti.o]
    arg [/home/hikerlee02/workspace/armcompilerchains/gcc-linaro-7.5.0-2019.12-x86_64_aarch64-linux-gnu/bin/../lib/gcc/aarch64-linux-gnu/7.5.0/crtbegin.o] ==> obj [/home/hikerlee02/workspace/armcompilerchains/gcc-linaro-7.5.0-2019.12-x86_64_aarch64-linux-gnu/bin/../lib/gcc/aarch64-linux-gnu/7.5.0/crtbegin.o]
    arg [-L/home/hikerlee02/workspace/armcompilerchains/gcc-linaro-7.5.0-2019.12-x86_64_aarch64-linux-gnu/bin/../lib/gcc/aarch64-linux-gnu/7.5.0] ==> dir [/home/hikerlee02/workspace/armcompilerchains/gcc-linaro-7.5.0-2019.12-x86_64_aarch64-linux-gnu/bin/../lib/gcc/aarch64-linux-gnu/7.5.0]
    arg [-L/home/hikerlee02/workspace/armcompilerchains/gcc-linaro-7.5.0-2019.12-x86_64_aarch64-linux-gnu/bin/../lib/gcc/aarch64-linux-gnu] ==> dir [/home/hikerlee02/workspace/armcompilerchains/gcc-linaro-7.5.0-2019.12-x86_64_aarch64-linux-gnu/bin/../lib/gcc/aarch64-linux-gnu]
    arg [-L/home/hikerlee02/workspace/armcompilerchains/gcc-linaro-7.5.0-2019.12-x86_64_aarch64-linux-gnu/bin/../lib/gcc] ==> dir [/home/hikerlee02/workspace/armcompilerchains/gcc-linaro-7.5.0-2019.12-x86_64_aarch64-linux-gnu/bin/../lib/gcc]
    arg [-L/home/hikerlee02/workspace/armcompilerchains/gcc-linaro-7.5.0-2019.12-x86_64_aarch64-linux-gnu/bin/../lib/gcc/aarch64-linux-gnu/7.5.0/../../../../aarch64-linux-gnu/lib/../lib64] ==> dir [/home/hikerlee02/workspace/armcompilerchains/gcc-linaro-7.5.0-2019.12-x86_64_aarch64-linux-gnu/bin/../lib/gcc/aarch64-linux-gnu/7.5.0/../../../../aarch64-linux-gnu/lib/../lib64]
    arg [-L/home/hikerlee02/workspace/armcompilerchains/gcc-linaro-7.5.0-2019.12-x86_64_aarch64-linux-gnu/bin/../lib/gcc/aarch64-linux-gnu/7.5.0/../../../../aarch64-linux-gnu/lib] ==> dir [/home/hikerlee02/workspace/armcompilerchains/gcc-linaro-7.5.0-2019.12-x86_64_aarch64-linux-gnu/bin/../lib/gcc/aarch64-linux-gnu/7.5.0/../../../../aarch64-linux-gnu/lib]
    arg [-L/home/hikerlee02/workspace/armcompilerchains/gcc-linaro-7.5.0-2019.12-x86_64_aarch64-linux-gnu/bin/../aarch64-linux-gnu/libc/lib] ==> dir [/home/hikerlee02/workspace/armcompilerchains/gcc-linaro-7.5.0-2019.12-x86_64_aarch64-linux-gnu/bin/../aarch64-linux-gnu/libc/lib]
    arg [-L/home/hikerlee02/workspace/armcompilerchains/gcc-linaro-7.5.0-2019.12-x86_64_aarch64-linux-gnu/bin/../aarch64-linux-gnu/libc/usr/lib] ==> dir [/home/hikerlee02/workspace/armcompilerchains/gcc-linaro-7.5.0-2019.12-x86_64_aarch64-linux-gnu/bin/../aarch64-linux-gnu/libc/usr/lib]
    arg [-ldl] ==> lib [dl]
    arg [-ldl] ==> lib [dl]
    arg [CMakeFiles/cmTC_b2311.dir/CMakeCXXCompilerABI.cpp.o] ==> ignore
    arg [-lstdc++] ==> lib [stdc++]
    arg [-lm] ==> lib [m]
    arg [-lgcc_s] ==> lib [gcc_s]
    arg [-lgcc] ==> lib [gcc]
    arg [-lpthread] ==> lib [pthread]
    arg [-lc] ==> lib [c]
    arg [-lgcc_s] ==> lib [gcc_s]
    arg [-lgcc] ==> lib [gcc]
    arg [/home/hikerlee02/workspace/armcompilerchains/gcc-linaro-7.5.0-2019.12-x86_64_aarch64-linux-gnu/bin/../lib/gcc/aarch64-linux-gnu/7.5.0/crtend.o] ==> obj [/home/hikerlee02/workspace/armcompilerchains/gcc-linaro-7.5.0-2019.12-x86_64_aarch64-linux-gnu/bin/../lib/gcc/aarch64-linux-gnu/7.5.0/crtend.o]
    arg [/home/hikerlee02/workspace/armcompilerchains/gcc-linaro-7.5.0-2019.12-x86_64_aarch64-linux-gnu/bin/../aarch64-linux-gnu/libc/usr/lib/crtn.o] ==> obj [/home/hikerlee02/workspace/armcompilerchains/gcc-linaro-7.5.0-2019.12-x86_64_aarch64-linux-gnu/bin/../aarch64-linux-gnu/libc/usr/lib/crtn.o]
  collapse obj [/home/hikerlee02/workspace/armcompilerchains/gcc-linaro-7.5.0-2019.12-x86_64_aarch64-linux-gnu/bin/../aarch64-linux-gnu/libc/usr/lib/crt1.o] ==> [/home/hikerlee02/workspace/armcompilerchains/gcc-linaro-7.5.0-2019.12-x86_64_aarch64-linux-gnu/aarch64-linux-gnu/libc/usr/lib/crt1.o]
  collapse obj [/home/hikerlee02/workspace/armcompilerchains/gcc-linaro-7.5.0-2019.12-x86_64_aarch64-linux-gnu/bin/../aarch64-linux-gnu/libc/usr/lib/crti.o] ==> [/home/hikerlee02/workspace/armcompilerchains/gcc-linaro-7.5.0-2019.12-x86_64_aarch64-linux-gnu/aarch64-linux-gnu/libc/usr/lib/crti.o]
  collapse obj [/home/hikerlee02/workspace/armcompilerchains/gcc-linaro-7.5.0-2019.12-x86_64_aarch64-linux-gnu/bin/../lib/gcc/aarch64-linux-gnu/7.5.0/crtbegin.o] ==> [/home/hikerlee02/workspace/armcompilerchains/gcc-linaro-7.5.0-2019.12-x86_64_aarch64-linux-gnu/lib/gcc/aarch64-linux-gnu/7.5.0/crtbegin.o]
  collapse obj [/home/hikerlee02/workspace/armcompilerchains/gcc-linaro-7.5.0-2019.12-x86_64_aarch64-linux-gnu/bin/../lib/gcc/aarch64-linux-gnu/7.5.0/crtend.o] ==> [/home/hikerlee02/workspace/armcompilerchains/gcc-linaro-7.5.0-2019.12-x86_64_aarch64-linux-gnu/lib/gcc/aarch64-linux-gnu/7.5.0/crtend.o]
  collapse obj [/home/hikerlee02/workspace/armcompilerchains/gcc-linaro-7.5.0-2019.12-x86_64_aarch64-linux-gnu/bin/../aarch64-linux-gnu/libc/usr/lib/crtn.o] ==> [/home/hikerlee02/workspace/armcompilerchains/gcc-linaro-7.5.0-2019.12-x86_64_aarch64-linux-gnu/aarch64-linux-gnu/libc/usr/lib/crtn.o]
  collapse library dir [/home/hikerlee02/workspace/armcompilerchains/gcc-linaro-7.5.0-2019.12-x86_64_aarch64-linux-gnu/bin/../lib/gcc/aarch64-linux-gnu/7.5.0] ==> [/home/hikerlee02/workspace/armcompilerchains/gcc-linaro-7.5.0-2019.12-x86_64_aarch64-linux-gnu/lib/gcc/aarch64-linux-gnu/7.5.0]
  collapse library dir [/home/hikerlee02/workspace/armcompilerchains/gcc-linaro-7.5.0-2019.12-x86_64_aarch64-linux-gnu/bin/../lib/gcc/aarch64-linux-gnu] ==> [/home/hikerlee02/workspace/armcompilerchains/gcc-linaro-7.5.0-2019.12-x86_64_aarch64-linux-gnu/lib/gcc/aarch64-linux-gnu]
  collapse library dir [/home/hikerlee02/workspace/armcompilerchains/gcc-linaro-7.5.0-2019.12-x86_64_aarch64-linux-gnu/bin/../lib/gcc] ==> [/home/hikerlee02/workspace/armcompilerchains/gcc-linaro-7.5.0-2019.12-x86_64_aarch64-linux-gnu/lib/gcc]
  collapse library dir [/home/hikerlee02/workspace/armcompilerchains/gcc-linaro-7.5.0-2019.12-x86_64_aarch64-linux-gnu/bin/../lib/gcc/aarch64-linux-gnu/7.5.0/../../../../aarch64-linux-gnu/lib/../lib64] ==> [/home/hikerlee02/workspace/armcompilerchains/gcc-linaro-7.5.0-2019.12-x86_64_aarch64-linux-gnu/aarch64-linux-gnu/lib64]
  collapse library dir [/home/hikerlee02/workspace/armcompilerchains/gcc-linaro-7.5.0-2019.12-x86_64_aarch64-linux-gnu/bin/../lib/gcc/aarch64-linux-gnu/7.5.0/../../../../aarch64-linux-gnu/lib] ==> [/home/hikerlee02/workspace/armcompilerchains/gcc-linaro-7.5.0-2019.12-x86_64_aarch64-linux-gnu/aarch64-linux-gnu/lib]
  collapse library dir [/home/hikerlee02/workspace/armcompilerchains/gcc-linaro-7.5.0-2019.12-x86_64_aarch64-linux-gnu/bin/../aarch64-linux-gnu/libc/lib] ==> [/home/hikerlee02/workspace/armcompilerchains/gcc-linaro-7.5.0-2019.12-x86_64_aarch64-linux-gnu/aarch64-linux-gnu/libc/lib]
  collapse library dir [/home/hikerlee02/workspace/armcompilerchains/gcc-linaro-7.5.0-2019.12-x86_64_aarch64-linux-gnu/bin/../aarch64-linux-gnu/libc/usr/lib] ==> [/home/hikerlee02/workspace/armcompilerchains/gcc-linaro-7.5.0-2019.12-x86_64_aarch64-linux-gnu/aarch64-linux-gnu/libc/usr/lib]
  implicit libs: [dl;dl;stdc++;m;gcc_s;gcc;pthread;c;gcc_s;gcc]
  implicit objs: [/home/hikerlee02/workspace/armcompilerchains/gcc-linaro-7.5.0-2019.12-x86_64_aarch64-linux-gnu/aarch64-linux-gnu/libc/usr/lib/crt1.o;/home/hikerlee02/workspace/armcompilerchains/gcc-linaro-7.5.0-2019.12-x86_64_aarch64-linux-gnu/aarch64-linux-gnu/libc/usr/lib/crti.o;/home/hikerlee02/workspace/armcompilerchains/gcc-linaro-7.5.0-2019.12-x86_64_aarch64-linux-gnu/lib/gcc/aarch64-linux-gnu/7.5.0/crtbegin.o;/home/hikerlee02/workspace/armcompilerchains/gcc-linaro-7.5.0-2019.12-x86_64_aarch64-linux-gnu/lib/gcc/aarch64-linux-gnu/7.5.0/crtend.o;/home/hikerlee02/workspace/armcompilerchains/gcc-linaro-7.5.0-2019.12-x86_64_aarch64-linux-gnu/aarch64-linux-gnu/libc/usr/lib/crtn.o]
  implicit dirs: [/home/hikerlee02/workspace/armcompilerchains/gcc-linaro-7.5.0-2019.12-x86_64_aarch64-linux-gnu/lib/gcc/aarch64-linux-gnu/7.5.0;/home/hikerlee02/workspace/armcompilerchains/gcc-linaro-7.5.0-2019.12-x86_64_aarch64-linux-gnu/lib/gcc/aarch64-linux-gnu;/home/hikerlee02/workspace/armcompilerchains/gcc-linaro-7.5.0-2019.12-x86_64_aarch64-linux-gnu/lib/gcc;/home/hikerlee02/workspace/armcompilerchains/gcc-linaro-7.5.0-2019.12-x86_64_aarch64-linux-gnu/aarch64-linux-gnu/lib64;/home/hikerlee02/workspace/armcompilerchains/gcc-linaro-7.5.0-2019.12-x86_64_aarch64-linux-gnu/aarch64-linux-gnu/lib;/home/hikerlee02/workspace/armcompilerchains/gcc-linaro-7.5.0-2019.12-x86_64_aarch64-linux-gnu/aarch64-linux-gnu/libc/lib;/home/hikerlee02/workspace/armcompilerchains/gcc-linaro-7.5.0-2019.12-x86_64_aarch64-linux-gnu/aarch64-linux-gnu/libc/usr/lib]
  implicit fwks: []


